INFO - 2023-12-20 01:51:24 --> Session: Class initialized using 'CodeIgniter\Session\Handlers\FileHandler' driver.
INFO - 2023-12-20 01:51:34 --> Session: Class initialized using 'CodeIgniter\Session\Handlers\FileHandler' driver.
INFO - 2023-12-20 01:51:43 --> Session: Class initialized using 'CodeIgniter\Session\Handlers\FileHandler' driver.
INFO - 2023-12-20 01:51:52 --> Session: Class initialized using 'CodeIgniter\Session\Handlers\FileHandler' driver.
INFO - 2023-12-20 01:51:53 --> Session: Class initialized using 'CodeIgniter\Session\Handlers\FileHandler' driver.
INFO - 2023-12-20 01:52:07 --> Session: Class initialized using 'CodeIgniter\Session\Handlers\FileHandler' driver.
INFO - 2023-12-20 02:06:27 --> Session: Class initialized using 'CodeIgniter\Session\Handlers\FileHandler' driver.
INFO - 2023-12-20 02:07:06 --> Session: Class initialized using 'CodeIgniter\Session\Handlers\FileHandler' driver.
INFO - 2023-12-20 02:07:16 --> Session: Class initialized using 'CodeIgniter\Session\Handlers\FileHandler' driver.
INFO - 2023-12-20 02:07:21 --> Session: Class initialized using 'CodeIgniter\Session\Handlers\FileHandler' driver.
INFO - 2023-12-20 02:07:21 --> Session: Class initialized using 'CodeIgniter\Session\Handlers\FileHandler' driver.
CRITICAL - 2023-12-20 02:07:21 --> Trying to access array offset on value of type null
in APPPATH\Views\customer\reserve.php on line 443.
 1 APPPATH\Views\customer\reserve.php(443): CodeIgniter\Debug\Exceptions->errorHandler(2, 'Trying to access array offset on value of type null', 'APPPATH\\Views\\customer\\reserve.php', 443)
 2 SYSTEMPATH\View\View.php(213): include('APPPATH\\Views\\customer\\reserve.php')
 3 SYSTEMPATH\View\View.php(216): CodeIgniter\View\View->CodeIgniter\View\{closure}()
 4 SYSTEMPATH\Common.php(1177): CodeIgniter\View\View->render('customer/reserve', [], true)
 5 APPPATH\Controllers\Customer.php(612): view('customer/reserve', [...])
 6 SYSTEMPATH\CodeIgniter.php(934): App\Controllers\Customer->reserve('vendors', 'FCPATH\\Images', 'img.jpg')
 7 SYSTEMPATH\CodeIgniter.php(499): CodeIgniter\CodeIgniter->runController(Object(App\Controllers\Customer))
 8 SYSTEMPATH\CodeIgniter.php(368): CodeIgniter\CodeIgniter->handleRequest(null, Object(Config\Cache), false)
 9 FCPATH\index.php(67): CodeIgniter\CodeIgniter->run()
10 SYSTEMPATH\Commands\Server\rewrite.php(47): require_once('FCPATH\\index.php')
INFO - 2023-12-20 02:07:21 --> Session: Class initialized using 'CodeIgniter\Session\Handlers\FileHandler' driver.
CRITICAL - 2023-12-20 02:07:21 --> Trying to access array offset on value of type null
in APPPATH\Views\customer\reserve.php on line 443.
 1 APPPATH\Views\customer\reserve.php(443): CodeIgniter\Debug\Exceptions->errorHandler(2, 'Trying to access array offset on value of type null', 'APPPATH\\Views\\customer\\reserve.php', 443)
 2 SYSTEMPATH\View\View.php(213): include('APPPATH\\Views\\customer\\reserve.php')
 3 SYSTEMPATH\View\View.php(216): CodeIgniter\View\View->CodeIgniter\View\{closure}()
 4 SYSTEMPATH\Common.php(1177): CodeIgniter\View\View->render('customer/reserve', [], true)
 5 APPPATH\Controllers\Customer.php(612): view('customer/reserve', [...])
 6 SYSTEMPATH\CodeIgniter.php(934): App\Controllers\Customer->reserve('vendors', 'FCPATH\\Images', 'photo1.jpg')
 7 SYSTEMPATH\CodeIgniter.php(499): CodeIgniter\CodeIgniter->runController(Object(App\Controllers\Customer))
 8 SYSTEMPATH\CodeIgniter.php(368): CodeIgniter\CodeIgniter->handleRequest(null, Object(Config\Cache), false)
 9 FCPATH\index.php(67): CodeIgniter\CodeIgniter->run()
10 SYSTEMPATH\Commands\Server\rewrite.php(47): require_once('FCPATH\\index.php')
INFO - 2023-12-20 02:07:21 --> Session: Class initialized using 'CodeIgniter\Session\Handlers\FileHandler' driver.
CRITICAL - 2023-12-20 02:07:21 --> Trying to access array offset on value of type null
in APPPATH\Views\customer\reserve.php on line 443.
 1 APPPATH\Views\customer\reserve.php(443): CodeIgniter\Debug\Exceptions->errorHandler(2, 'Trying to access array offset on value of type null', 'APPPATH\\Views\\customer\\reserve.php', 443)
 2 SYSTEMPATH\View\View.php(213): include('APPPATH\\Views\\customer\\reserve.php')
 3 SYSTEMPATH\View\View.php(216): CodeIgniter\View\View->CodeIgniter\View\{closure}()
 4 SYSTEMPATH\Common.php(1177): CodeIgniter\View\View->render('customer/reserve', [], true)
 5 APPPATH\Controllers\Customer.php(612): view('customer/reserve', [...])
 6 SYSTEMPATH\CodeIgniter.php(934): App\Controllers\Customer->reserve('vendors', 'FCPATH\\Images', 'photo2.jpg')
 7 SYSTEMPATH\CodeIgniter.php(499): CodeIgniter\CodeIgniter->runController(Object(App\Controllers\Customer))
 8 SYSTEMPATH\CodeIgniter.php(368): CodeIgniter\CodeIgniter->handleRequest(null, Object(Config\Cache), false)
 9 FCPATH\index.php(67): CodeIgniter\CodeIgniter->run()
10 SYSTEMPATH\Commands\Server\rewrite.php(47): require_once('FCPATH\\index.php')
INFO - 2023-12-20 02:07:22 --> Session: Class initialized using 'CodeIgniter\Session\Handlers\FileHandler' driver.
CRITICAL - 2023-12-20 02:07:22 --> Trying to access array offset on value of type null
in APPPATH\Views\customer\reserve.php on line 443.
 1 APPPATH\Views\customer\reserve.php(443): CodeIgniter\Debug\Exceptions->errorHandler(2, 'Trying to access array offset on value of type null', 'APPPATH\\Views\\customer\\reserve.php', 443)
 2 SYSTEMPATH\View\View.php(213): include('APPPATH\\Views\\customer\\reserve.php')
 3 SYSTEMPATH\View\View.php(216): CodeIgniter\View\View->CodeIgniter\View\{closure}()
 4 SYSTEMPATH\Common.php(1177): CodeIgniter\View\View->render('customer/reserve', [], true)
 5 APPPATH\Controllers\Customer.php(612): view('customer/reserve', [...])
 6 SYSTEMPATH\CodeIgniter.php(934): App\Controllers\Customer->reserve('vendors', 'FCPATH\\Images', 'photo3.jpg')
 7 SYSTEMPATH\CodeIgniter.php(499): CodeIgniter\CodeIgniter->runController(Object(App\Controllers\Customer))
 8 SYSTEMPATH\CodeIgniter.php(368): CodeIgniter\CodeIgniter->handleRequest(null, Object(Config\Cache), false)
 9 FCPATH\index.php(67): CodeIgniter\CodeIgniter->run()
10 SYSTEMPATH\Commands\Server\rewrite.php(47): require_once('FCPATH\\index.php')
INFO - 2023-12-20 02:07:22 --> Session: Class initialized using 'CodeIgniter\Session\Handlers\FileHandler' driver.
CRITICAL - 2023-12-20 02:07:22 --> Trying to access array offset on value of type null
in APPPATH\Views\customer\reserve.php on line 443.
 1 APPPATH\Views\customer\reserve.php(443): CodeIgniter\Debug\Exceptions->errorHandler(2, 'Trying to access array offset on value of type null', 'APPPATH\\Views\\customer\\reserve.php', 443)
 2 SYSTEMPATH\View\View.php(213): include('APPPATH\\Views\\customer\\reserve.php')
 3 SYSTEMPATH\View\View.php(216): CodeIgniter\View\View->CodeIgniter\View\{closure}()
 4 SYSTEMPATH\Common.php(1177): CodeIgniter\View\View->render('customer/reserve', [], true)
 5 APPPATH\Controllers\Customer.php(612): view('customer/reserve', [...])
 6 SYSTEMPATH\CodeIgniter.php(934): App\Controllers\Customer->reserve('vendors', 'FCPATH\\Images', 'github.svg')
 7 SYSTEMPATH\CodeIgniter.php(499): CodeIgniter\CodeIgniter->runController(Object(App\Controllers\Customer))
 8 SYSTEMPATH\CodeIgniter.php(368): CodeIgniter\CodeIgniter->handleRequest(null, Object(Config\Cache), false)
 9 FCPATH\index.php(67): CodeIgniter\CodeIgniter->run()
10 SYSTEMPATH\Commands\Server\rewrite.php(47): require_once('FCPATH\\index.php')
INFO - 2023-12-20 02:07:22 --> Session: Class initialized using 'CodeIgniter\Session\Handlers\FileHandler' driver.
CRITICAL - 2023-12-20 02:07:22 --> Trying to access array offset on value of type null
in APPPATH\Views\customer\reserve.php on line 443.
 1 APPPATH\Views\customer\reserve.php(443): CodeIgniter\Debug\Exceptions->errorHandler(2, 'Trying to access array offset on value of type null', 'APPPATH\\Views\\customer\\reserve.php', 443)
 2 SYSTEMPATH\View\View.php(213): include('APPPATH\\Views\\customer\\reserve.php')
 3 SYSTEMPATH\View\View.php(216): CodeIgniter\View\View->CodeIgniter\View\{closure}()
 4 SYSTEMPATH\Common.php(1177): CodeIgniter\View\View->render('customer/reserve', [], true)
 5 APPPATH\Controllers\Customer.php(612): view('customer/reserve', [...])
 6 SYSTEMPATH\CodeIgniter.php(934): App\Controllers\Customer->reserve('vendors', 'FCPATH\\Images', 'photo4.jpg')
 7 SYSTEMPATH\CodeIgniter.php(499): CodeIgniter\CodeIgniter->runController(Object(App\Controllers\Customer))
 8 SYSTEMPATH\CodeIgniter.php(368): CodeIgniter\CodeIgniter->handleRequest(null, Object(Config\Cache), false)
 9 FCPATH\index.php(67): CodeIgniter\CodeIgniter->run()
10 SYSTEMPATH\Commands\Server\rewrite.php(47): require_once('FCPATH\\index.php')
INFO - 2023-12-20 02:09:29 --> Session: Class initialized using 'CodeIgniter\Session\Handlers\FileHandler' driver.
INFO - 2023-12-20 02:09:30 --> Session: Class initialized using 'CodeIgniter\Session\Handlers\FileHandler' driver.
CRITICAL - 2023-12-20 02:09:30 --> Trying to access array offset on value of type null
in APPPATH\Views\customer\reserve.php on line 443.
 1 APPPATH\Views\customer\reserve.php(443): CodeIgniter\Debug\Exceptions->errorHandler(2, 'Trying to access array offset on value of type null', 'APPPATH\\Views\\customer\\reserve.php', 443)
 2 SYSTEMPATH\View\View.php(213): include('APPPATH\\Views\\customer\\reserve.php')
 3 SYSTEMPATH\View\View.php(216): CodeIgniter\View\View->CodeIgniter\View\{closure}()
 4 SYSTEMPATH\Common.php(1177): CodeIgniter\View\View->render('customer/reserve', [], true)
 5 APPPATH\Controllers\Customer.php(612): view('customer/reserve', [...])
 6 SYSTEMPATH\CodeIgniter.php(934): App\Controllers\Customer->reserve('vendors', 'FCPATH\\Images', 'img.jpg')
 7 SYSTEMPATH\CodeIgniter.php(499): CodeIgniter\CodeIgniter->runController(Object(App\Controllers\Customer))
 8 SYSTEMPATH\CodeIgniter.php(368): CodeIgniter\CodeIgniter->handleRequest(null, Object(Config\Cache), false)
 9 FCPATH\index.php(67): CodeIgniter\CodeIgniter->run()
10 SYSTEMPATH\Commands\Server\rewrite.php(47): require_once('FCPATH\\index.php')
INFO - 2023-12-20 02:09:30 --> Session: Class initialized using 'CodeIgniter\Session\Handlers\FileHandler' driver.
CRITICAL - 2023-12-20 02:09:30 --> Trying to access array offset on value of type null
in APPPATH\Views\customer\reserve.php on line 443.
 1 APPPATH\Views\customer\reserve.php(443): CodeIgniter\Debug\Exceptions->errorHandler(2, 'Trying to access array offset on value of type null', 'APPPATH\\Views\\customer\\reserve.php', 443)
 2 SYSTEMPATH\View\View.php(213): include('APPPATH\\Views\\customer\\reserve.php')
 3 SYSTEMPATH\View\View.php(216): CodeIgniter\View\View->CodeIgniter\View\{closure}()
 4 SYSTEMPATH\Common.php(1177): CodeIgniter\View\View->render('customer/reserve', [], true)
 5 APPPATH\Controllers\Customer.php(612): view('customer/reserve', [...])
 6 SYSTEMPATH\CodeIgniter.php(934): App\Controllers\Customer->reserve('vendors', 'FCPATH\\Images', 'photo1.jpg')
 7 SYSTEMPATH\CodeIgniter.php(499): CodeIgniter\CodeIgniter->runController(Object(App\Controllers\Customer))
 8 SYSTEMPATH\CodeIgniter.php(368): CodeIgniter\CodeIgniter->handleRequest(null, Object(Config\Cache), false)
 9 FCPATH\index.php(67): CodeIgniter\CodeIgniter->run()
10 SYSTEMPATH\Commands\Server\rewrite.php(47): require_once('FCPATH\\index.php')
INFO - 2023-12-20 02:09:30 --> Session: Class initialized using 'CodeIgniter\Session\Handlers\FileHandler' driver.
CRITICAL - 2023-12-20 02:09:30 --> Trying to access array offset on value of type null
in APPPATH\Views\customer\reserve.php on line 443.
 1 APPPATH\Views\customer\reserve.php(443): CodeIgniter\Debug\Exceptions->errorHandler(2, 'Trying to access array offset on value of type null', 'APPPATH\\Views\\customer\\reserve.php', 443)
 2 SYSTEMPATH\View\View.php(213): include('APPPATH\\Views\\customer\\reserve.php')
 3 SYSTEMPATH\View\View.php(216): CodeIgniter\View\View->CodeIgniter\View\{closure}()
 4 SYSTEMPATH\Common.php(1177): CodeIgniter\View\View->render('customer/reserve', [], true)
 5 APPPATH\Controllers\Customer.php(612): view('customer/reserve', [...])
 6 SYSTEMPATH\CodeIgniter.php(934): App\Controllers\Customer->reserve('vendors', 'FCPATH\\Images', 'photo2.jpg')
 7 SYSTEMPATH\CodeIgniter.php(499): CodeIgniter\CodeIgniter->runController(Object(App\Controllers\Customer))
 8 SYSTEMPATH\CodeIgniter.php(368): CodeIgniter\CodeIgniter->handleRequest(null, Object(Config\Cache), false)
 9 FCPATH\index.php(67): CodeIgniter\CodeIgniter->run()
10 SYSTEMPATH\Commands\Server\rewrite.php(47): require_once('FCPATH\\index.php')
INFO - 2023-12-20 02:09:30 --> Session: Class initialized using 'CodeIgniter\Session\Handlers\FileHandler' driver.
CRITICAL - 2023-12-20 02:09:30 --> Trying to access array offset on value of type null
in APPPATH\Views\customer\reserve.php on line 443.
 1 APPPATH\Views\customer\reserve.php(443): CodeIgniter\Debug\Exceptions->errorHandler(2, 'Trying to access array offset on value of type null', 'APPPATH\\Views\\customer\\reserve.php', 443)
 2 SYSTEMPATH\View\View.php(213): include('APPPATH\\Views\\customer\\reserve.php')
 3 SYSTEMPATH\View\View.php(216): CodeIgniter\View\View->CodeIgniter\View\{closure}()
 4 SYSTEMPATH\Common.php(1177): CodeIgniter\View\View->render('customer/reserve', [], true)
 5 APPPATH\Controllers\Customer.php(612): view('customer/reserve', [...])
 6 SYSTEMPATH\CodeIgniter.php(934): App\Controllers\Customer->reserve('vendors', 'FCPATH\\Images', 'photo3.jpg')
 7 SYSTEMPATH\CodeIgniter.php(499): CodeIgniter\CodeIgniter->runController(Object(App\Controllers\Customer))
 8 SYSTEMPATH\CodeIgniter.php(368): CodeIgniter\CodeIgniter->handleRequest(null, Object(Config\Cache), false)
 9 FCPATH\index.php(67): CodeIgniter\CodeIgniter->run()
10 SYSTEMPATH\Commands\Server\rewrite.php(47): require_once('FCPATH\\index.php')
INFO - 2023-12-20 02:09:30 --> Session: Class initialized using 'CodeIgniter\Session\Handlers\FileHandler' driver.
CRITICAL - 2023-12-20 02:09:30 --> Trying to access array offset on value of type null
in APPPATH\Views\customer\reserve.php on line 443.
 1 APPPATH\Views\customer\reserve.php(443): CodeIgniter\Debug\Exceptions->errorHandler(2, 'Trying to access array offset on value of type null', 'APPPATH\\Views\\customer\\reserve.php', 443)
 2 SYSTEMPATH\View\View.php(213): include('APPPATH\\Views\\customer\\reserve.php')
 3 SYSTEMPATH\View\View.php(216): CodeIgniter\View\View->CodeIgniter\View\{closure}()
 4 SYSTEMPATH\Common.php(1177): CodeIgniter\View\View->render('customer/reserve', [], true)
 5 APPPATH\Controllers\Customer.php(612): view('customer/reserve', [...])
 6 SYSTEMPATH\CodeIgniter.php(934): App\Controllers\Customer->reserve('vendors', 'FCPATH\\Images', 'github.svg')
 7 SYSTEMPATH\CodeIgniter.php(499): CodeIgniter\CodeIgniter->runController(Object(App\Controllers\Customer))
 8 SYSTEMPATH\CodeIgniter.php(368): CodeIgniter\CodeIgniter->handleRequest(null, Object(Config\Cache), false)
 9 FCPATH\index.php(67): CodeIgniter\CodeIgniter->run()
10 SYSTEMPATH\Commands\Server\rewrite.php(47): require_once('FCPATH\\index.php')
INFO - 2023-12-20 02:09:30 --> Session: Class initialized using 'CodeIgniter\Session\Handlers\FileHandler' driver.
CRITICAL - 2023-12-20 02:09:30 --> Trying to access array offset on value of type null
in APPPATH\Views\customer\reserve.php on line 443.
 1 APPPATH\Views\customer\reserve.php(443): CodeIgniter\Debug\Exceptions->errorHandler(2, 'Trying to access array offset on value of type null', 'APPPATH\\Views\\customer\\reserve.php', 443)
 2 SYSTEMPATH\View\View.php(213): include('APPPATH\\Views\\customer\\reserve.php')
 3 SYSTEMPATH\View\View.php(216): CodeIgniter\View\View->CodeIgniter\View\{closure}()
 4 SYSTEMPATH\Common.php(1177): CodeIgniter\View\View->render('customer/reserve', [], true)
 5 APPPATH\Controllers\Customer.php(612): view('customer/reserve', [...])
 6 SYSTEMPATH\CodeIgniter.php(934): App\Controllers\Customer->reserve('vendors', 'FCPATH\\Images', 'photo4.jpg')
 7 SYSTEMPATH\CodeIgniter.php(499): CodeIgniter\CodeIgniter->runController(Object(App\Controllers\Customer))
 8 SYSTEMPATH\CodeIgniter.php(368): CodeIgniter\CodeIgniter->handleRequest(null, Object(Config\Cache), false)
 9 FCPATH\index.php(67): CodeIgniter\CodeIgniter->run()
10 SYSTEMPATH\Commands\Server\rewrite.php(47): require_once('FCPATH\\index.php')
INFO - 2023-12-20 02:11:38 --> Session: Class initialized using 'CodeIgniter\Session\Handlers\FileHandler' driver.
INFO - 2023-12-20 02:11:38 --> Session: Class initialized using 'CodeIgniter\Session\Handlers\FileHandler' driver.
CRITICAL - 2023-12-20 02:11:38 --> Trying to access array offset on value of type null
in APPPATH\Views\customer\reserve.php on line 443.
 1 APPPATH\Views\customer\reserve.php(443): CodeIgniter\Debug\Exceptions->errorHandler(2, 'Trying to access array offset on value of type null', 'APPPATH\\Views\\customer\\reserve.php', 443)
 2 SYSTEMPATH\View\View.php(213): include('APPPATH\\Views\\customer\\reserve.php')
 3 SYSTEMPATH\View\View.php(216): CodeIgniter\View\View->CodeIgniter\View\{closure}()
 4 SYSTEMPATH\Common.php(1177): CodeIgniter\View\View->render('customer/reserve', [], true)
 5 APPPATH\Controllers\Customer.php(612): view('customer/reserve', [...])
 6 SYSTEMPATH\CodeIgniter.php(934): App\Controllers\Customer->reserve('vendors', 'FCPATH\\Images', 'img.jpg')
 7 SYSTEMPATH\CodeIgniter.php(499): CodeIgniter\CodeIgniter->runController(Object(App\Controllers\Customer))
 8 SYSTEMPATH\CodeIgniter.php(368): CodeIgniter\CodeIgniter->handleRequest(null, Object(Config\Cache), false)
 9 FCPATH\index.php(67): CodeIgniter\CodeIgniter->run()
10 SYSTEMPATH\Commands\Server\rewrite.php(47): require_once('FCPATH\\index.php')
INFO - 2023-12-20 02:11:38 --> Session: Class initialized using 'CodeIgniter\Session\Handlers\FileHandler' driver.
CRITICAL - 2023-12-20 02:11:38 --> Trying to access array offset on value of type null
in APPPATH\Views\customer\reserve.php on line 443.
 1 APPPATH\Views\customer\reserve.php(443): CodeIgniter\Debug\Exceptions->errorHandler(2, 'Trying to access array offset on value of type null', 'APPPATH\\Views\\customer\\reserve.php', 443)
 2 SYSTEMPATH\View\View.php(213): include('APPPATH\\Views\\customer\\reserve.php')
 3 SYSTEMPATH\View\View.php(216): CodeIgniter\View\View->CodeIgniter\View\{closure}()
 4 SYSTEMPATH\Common.php(1177): CodeIgniter\View\View->render('customer/reserve', [], true)
 5 APPPATH\Controllers\Customer.php(612): view('customer/reserve', [...])
 6 SYSTEMPATH\CodeIgniter.php(934): App\Controllers\Customer->reserve('vendors', 'FCPATH\\Images', 'photo1.jpg')
 7 SYSTEMPATH\CodeIgniter.php(499): CodeIgniter\CodeIgniter->runController(Object(App\Controllers\Customer))
 8 SYSTEMPATH\CodeIgniter.php(368): CodeIgniter\CodeIgniter->handleRequest(null, Object(Config\Cache), false)
 9 FCPATH\index.php(67): CodeIgniter\CodeIgniter->run()
10 SYSTEMPATH\Commands\Server\rewrite.php(47): require_once('FCPATH\\index.php')
INFO - 2023-12-20 02:11:38 --> Session: Class initialized using 'CodeIgniter\Session\Handlers\FileHandler' driver.
CRITICAL - 2023-12-20 02:11:38 --> Trying to access array offset on value of type null
in APPPATH\Views\customer\reserve.php on line 443.
 1 APPPATH\Views\customer\reserve.php(443): CodeIgniter\Debug\Exceptions->errorHandler(2, 'Trying to access array offset on value of type null', 'APPPATH\\Views\\customer\\reserve.php', 443)
 2 SYSTEMPATH\View\View.php(213): include('APPPATH\\Views\\customer\\reserve.php')
 3 SYSTEMPATH\View\View.php(216): CodeIgniter\View\View->CodeIgniter\View\{closure}()
 4 SYSTEMPATH\Common.php(1177): CodeIgniter\View\View->render('customer/reserve', [], true)
 5 APPPATH\Controllers\Customer.php(612): view('customer/reserve', [...])
 6 SYSTEMPATH\CodeIgniter.php(934): App\Controllers\Customer->reserve('vendors', 'FCPATH\\Images', 'photo2.jpg')
 7 SYSTEMPATH\CodeIgniter.php(499): CodeIgniter\CodeIgniter->runController(Object(App\Controllers\Customer))
 8 SYSTEMPATH\CodeIgniter.php(368): CodeIgniter\CodeIgniter->handleRequest(null, Object(Config\Cache), false)
 9 FCPATH\index.php(67): CodeIgniter\CodeIgniter->run()
10 SYSTEMPATH\Commands\Server\rewrite.php(47): require_once('FCPATH\\index.php')
INFO - 2023-12-20 02:11:38 --> Session: Class initialized using 'CodeIgniter\Session\Handlers\FileHandler' driver.
CRITICAL - 2023-12-20 02:11:39 --> Trying to access array offset on value of type null
in APPPATH\Views\customer\reserve.php on line 443.
 1 APPPATH\Views\customer\reserve.php(443): CodeIgniter\Debug\Exceptions->errorHandler(2, 'Trying to access array offset on value of type null', 'APPPATH\\Views\\customer\\reserve.php', 443)
 2 SYSTEMPATH\View\View.php(213): include('APPPATH\\Views\\customer\\reserve.php')
 3 SYSTEMPATH\View\View.php(216): CodeIgniter\View\View->CodeIgniter\View\{closure}()
 4 SYSTEMPATH\Common.php(1177): CodeIgniter\View\View->render('customer/reserve', [], true)
 5 APPPATH\Controllers\Customer.php(612): view('customer/reserve', [...])
 6 SYSTEMPATH\CodeIgniter.php(934): App\Controllers\Customer->reserve('vendors', 'FCPATH\\Images', 'photo3.jpg')
 7 SYSTEMPATH\CodeIgniter.php(499): CodeIgniter\CodeIgniter->runController(Object(App\Controllers\Customer))
 8 SYSTEMPATH\CodeIgniter.php(368): CodeIgniter\CodeIgniter->handleRequest(null, Object(Config\Cache), false)
 9 FCPATH\index.php(67): CodeIgniter\CodeIgniter->run()
10 SYSTEMPATH\Commands\Server\rewrite.php(47): require_once('FCPATH\\index.php')
INFO - 2023-12-20 02:11:39 --> Session: Class initialized using 'CodeIgniter\Session\Handlers\FileHandler' driver.
CRITICAL - 2023-12-20 02:11:39 --> Trying to access array offset on value of type null
in APPPATH\Views\customer\reserve.php on line 443.
 1 APPPATH\Views\customer\reserve.php(443): CodeIgniter\Debug\Exceptions->errorHandler(2, 'Trying to access array offset on value of type null', 'APPPATH\\Views\\customer\\reserve.php', 443)
 2 SYSTEMPATH\View\View.php(213): include('APPPATH\\Views\\customer\\reserve.php')
 3 SYSTEMPATH\View\View.php(216): CodeIgniter\View\View->CodeIgniter\View\{closure}()
 4 SYSTEMPATH\Common.php(1177): CodeIgniter\View\View->render('customer/reserve', [], true)
 5 APPPATH\Controllers\Customer.php(612): view('customer/reserve', [...])
 6 SYSTEMPATH\CodeIgniter.php(934): App\Controllers\Customer->reserve('vendors', 'FCPATH\\Images', 'github.svg')
 7 SYSTEMPATH\CodeIgniter.php(499): CodeIgniter\CodeIgniter->runController(Object(App\Controllers\Customer))
 8 SYSTEMPATH\CodeIgniter.php(368): CodeIgniter\CodeIgniter->handleRequest(null, Object(Config\Cache), false)
 9 FCPATH\index.php(67): CodeIgniter\CodeIgniter->run()
10 SYSTEMPATH\Commands\Server\rewrite.php(47): require_once('FCPATH\\index.php')
INFO - 2023-12-20 02:11:39 --> Session: Class initialized using 'CodeIgniter\Session\Handlers\FileHandler' driver.
CRITICAL - 2023-12-20 02:11:39 --> Trying to access array offset on value of type null
in APPPATH\Views\customer\reserve.php on line 443.
 1 APPPATH\Views\customer\reserve.php(443): CodeIgniter\Debug\Exceptions->errorHandler(2, 'Trying to access array offset on value of type null', 'APPPATH\\Views\\customer\\reserve.php', 443)
 2 SYSTEMPATH\View\View.php(213): include('APPPATH\\Views\\customer\\reserve.php')
 3 SYSTEMPATH\View\View.php(216): CodeIgniter\View\View->CodeIgniter\View\{closure}()
 4 SYSTEMPATH\Common.php(1177): CodeIgniter\View\View->render('customer/reserve', [], true)
 5 APPPATH\Controllers\Customer.php(612): view('customer/reserve', [...])
 6 SYSTEMPATH\CodeIgniter.php(934): App\Controllers\Customer->reserve('vendors', 'FCPATH\\Images', 'photo4.jpg')
 7 SYSTEMPATH\CodeIgniter.php(499): CodeIgniter\CodeIgniter->runController(Object(App\Controllers\Customer))
 8 SYSTEMPATH\CodeIgniter.php(368): CodeIgniter\CodeIgniter->handleRequest(null, Object(Config\Cache), false)
 9 FCPATH\index.php(67): CodeIgniter\CodeIgniter->run()
10 SYSTEMPATH\Commands\Server\rewrite.php(47): require_once('FCPATH\\index.php')
INFO - 2023-12-20 02:12:01 --> Session: Class initialized using 'CodeIgniter\Session\Handlers\FileHandler' driver.
INFO - 2023-12-20 02:12:01 --> Session: Class initialized using 'CodeIgniter\Session\Handlers\FileHandler' driver.
CRITICAL - 2023-12-20 02:12:01 --> Trying to access array offset on value of type null
in APPPATH\Views\customer\reserve.php on line 443.
 1 APPPATH\Views\customer\reserve.php(443): CodeIgniter\Debug\Exceptions->errorHandler(2, 'Trying to access array offset on value of type null', 'APPPATH\\Views\\customer\\reserve.php', 443)
 2 SYSTEMPATH\View\View.php(213): include('APPPATH\\Views\\customer\\reserve.php')
 3 SYSTEMPATH\View\View.php(216): CodeIgniter\View\View->CodeIgniter\View\{closure}()
 4 SYSTEMPATH\Common.php(1177): CodeIgniter\View\View->render('customer/reserve', [], true)
 5 APPPATH\Controllers\Customer.php(612): view('customer/reserve', [...])
 6 SYSTEMPATH\CodeIgniter.php(934): App\Controllers\Customer->reserve('vendors', 'FCPATH\\Images', 'img.jpg')
 7 SYSTEMPATH\CodeIgniter.php(499): CodeIgniter\CodeIgniter->runController(Object(App\Controllers\Customer))
 8 SYSTEMPATH\CodeIgniter.php(368): CodeIgniter\CodeIgniter->handleRequest(null, Object(Config\Cache), false)
 9 FCPATH\index.php(67): CodeIgniter\CodeIgniter->run()
10 SYSTEMPATH\Commands\Server\rewrite.php(47): require_once('FCPATH\\index.php')
INFO - 2023-12-20 02:12:01 --> Session: Class initialized using 'CodeIgniter\Session\Handlers\FileHandler' driver.
CRITICAL - 2023-12-20 02:12:01 --> Trying to access array offset on value of type null
in APPPATH\Views\customer\reserve.php on line 443.
 1 APPPATH\Views\customer\reserve.php(443): CodeIgniter\Debug\Exceptions->errorHandler(2, 'Trying to access array offset on value of type null', 'APPPATH\\Views\\customer\\reserve.php', 443)
 2 SYSTEMPATH\View\View.php(213): include('APPPATH\\Views\\customer\\reserve.php')
 3 SYSTEMPATH\View\View.php(216): CodeIgniter\View\View->CodeIgniter\View\{closure}()
 4 SYSTEMPATH\Common.php(1177): CodeIgniter\View\View->render('customer/reserve', [], true)
 5 APPPATH\Controllers\Customer.php(612): view('customer/reserve', [...])
 6 SYSTEMPATH\CodeIgniter.php(934): App\Controllers\Customer->reserve('vendors', 'FCPATH\\Images', 'photo1.jpg')
 7 SYSTEMPATH\CodeIgniter.php(499): CodeIgniter\CodeIgniter->runController(Object(App\Controllers\Customer))
 8 SYSTEMPATH\CodeIgniter.php(368): CodeIgniter\CodeIgniter->handleRequest(null, Object(Config\Cache), false)
 9 FCPATH\index.php(67): CodeIgniter\CodeIgniter->run()
10 SYSTEMPATH\Commands\Server\rewrite.php(47): require_once('FCPATH\\index.php')
INFO - 2023-12-20 02:12:01 --> Session: Class initialized using 'CodeIgniter\Session\Handlers\FileHandler' driver.
CRITICAL - 2023-12-20 02:12:01 --> Trying to access array offset on value of type null
in APPPATH\Views\customer\reserve.php on line 443.
 1 APPPATH\Views\customer\reserve.php(443): CodeIgniter\Debug\Exceptions->errorHandler(2, 'Trying to access array offset on value of type null', 'APPPATH\\Views\\customer\\reserve.php', 443)
 2 SYSTEMPATH\View\View.php(213): include('APPPATH\\Views\\customer\\reserve.php')
 3 SYSTEMPATH\View\View.php(216): CodeIgniter\View\View->CodeIgniter\View\{closure}()
 4 SYSTEMPATH\Common.php(1177): CodeIgniter\View\View->render('customer/reserve', [], true)
 5 APPPATH\Controllers\Customer.php(612): view('customer/reserve', [...])
 6 SYSTEMPATH\CodeIgniter.php(934): App\Controllers\Customer->reserve('vendors', 'FCPATH\\Images', 'photo2.jpg')
 7 SYSTEMPATH\CodeIgniter.php(499): CodeIgniter\CodeIgniter->runController(Object(App\Controllers\Customer))
 8 SYSTEMPATH\CodeIgniter.php(368): CodeIgniter\CodeIgniter->handleRequest(null, Object(Config\Cache), false)
 9 FCPATH\index.php(67): CodeIgniter\CodeIgniter->run()
10 SYSTEMPATH\Commands\Server\rewrite.php(47): require_once('FCPATH\\index.php')
INFO - 2023-12-20 02:12:01 --> Session: Class initialized using 'CodeIgniter\Session\Handlers\FileHandler' driver.
CRITICAL - 2023-12-20 02:12:01 --> Trying to access array offset on value of type null
in APPPATH\Views\customer\reserve.php on line 443.
 1 APPPATH\Views\customer\reserve.php(443): CodeIgniter\Debug\Exceptions->errorHandler(2, 'Trying to access array offset on value of type null', 'APPPATH\\Views\\customer\\reserve.php', 443)
 2 SYSTEMPATH\View\View.php(213): include('APPPATH\\Views\\customer\\reserve.php')
 3 SYSTEMPATH\View\View.php(216): CodeIgniter\View\View->CodeIgniter\View\{closure}()
 4 SYSTEMPATH\Common.php(1177): CodeIgniter\View\View->render('customer/reserve', [], true)
 5 APPPATH\Controllers\Customer.php(612): view('customer/reserve', [...])
 6 SYSTEMPATH\CodeIgniter.php(934): App\Controllers\Customer->reserve('vendors', 'FCPATH\\Images', 'photo3.jpg')
 7 SYSTEMPATH\CodeIgniter.php(499): CodeIgniter\CodeIgniter->runController(Object(App\Controllers\Customer))
 8 SYSTEMPATH\CodeIgniter.php(368): CodeIgniter\CodeIgniter->handleRequest(null, Object(Config\Cache), false)
 9 FCPATH\index.php(67): CodeIgniter\CodeIgniter->run()
10 SYSTEMPATH\Commands\Server\rewrite.php(47): require_once('FCPATH\\index.php')
INFO - 2023-12-20 02:12:01 --> Session: Class initialized using 'CodeIgniter\Session\Handlers\FileHandler' driver.
CRITICAL - 2023-12-20 02:12:01 --> Trying to access array offset on value of type null
in APPPATH\Views\customer\reserve.php on line 443.
 1 APPPATH\Views\customer\reserve.php(443): CodeIgniter\Debug\Exceptions->errorHandler(2, 'Trying to access array offset on value of type null', 'APPPATH\\Views\\customer\\reserve.php', 443)
 2 SYSTEMPATH\View\View.php(213): include('APPPATH\\Views\\customer\\reserve.php')
 3 SYSTEMPATH\View\View.php(216): CodeIgniter\View\View->CodeIgniter\View\{closure}()
 4 SYSTEMPATH\Common.php(1177): CodeIgniter\View\View->render('customer/reserve', [], true)
 5 APPPATH\Controllers\Customer.php(612): view('customer/reserve', [...])
 6 SYSTEMPATH\CodeIgniter.php(934): App\Controllers\Customer->reserve('vendors', 'FCPATH\\Images', 'github.svg')
 7 SYSTEMPATH\CodeIgniter.php(499): CodeIgniter\CodeIgniter->runController(Object(App\Controllers\Customer))
 8 SYSTEMPATH\CodeIgniter.php(368): CodeIgniter\CodeIgniter->handleRequest(null, Object(Config\Cache), false)
 9 FCPATH\index.php(67): CodeIgniter\CodeIgniter->run()
10 SYSTEMPATH\Commands\Server\rewrite.php(47): require_once('FCPATH\\index.php')
INFO - 2023-12-20 02:12:02 --> Session: Class initialized using 'CodeIgniter\Session\Handlers\FileHandler' driver.
CRITICAL - 2023-12-20 02:12:02 --> Trying to access array offset on value of type null
in APPPATH\Views\customer\reserve.php on line 443.
 1 APPPATH\Views\customer\reserve.php(443): CodeIgniter\Debug\Exceptions->errorHandler(2, 'Trying to access array offset on value of type null', 'APPPATH\\Views\\customer\\reserve.php', 443)
 2 SYSTEMPATH\View\View.php(213): include('APPPATH\\Views\\customer\\reserve.php')
 3 SYSTEMPATH\View\View.php(216): CodeIgniter\View\View->CodeIgniter\View\{closure}()
 4 SYSTEMPATH\Common.php(1177): CodeIgniter\View\View->render('customer/reserve', [], true)
 5 APPPATH\Controllers\Customer.php(612): view('customer/reserve', [...])
 6 SYSTEMPATH\CodeIgniter.php(934): App\Controllers\Customer->reserve('vendors', 'FCPATH\\Images', 'photo4.jpg')
 7 SYSTEMPATH\CodeIgniter.php(499): CodeIgniter\CodeIgniter->runController(Object(App\Controllers\Customer))
 8 SYSTEMPATH\CodeIgniter.php(368): CodeIgniter\CodeIgniter->handleRequest(null, Object(Config\Cache), false)
 9 FCPATH\index.php(67): CodeIgniter\CodeIgniter->run()
10 SYSTEMPATH\Commands\Server\rewrite.php(47): require_once('FCPATH\\index.php')
INFO - 2023-12-20 02:12:15 --> Session: Class initialized using 'CodeIgniter\Session\Handlers\FileHandler' driver.
INFO - 2023-12-20 02:12:15 --> Session: Class initialized using 'CodeIgniter\Session\Handlers\FileHandler' driver.
CRITICAL - 2023-12-20 02:12:15 --> Trying to access array offset on value of type null
in APPPATH\Views\customer\reserve.php on line 443.
 1 APPPATH\Views\customer\reserve.php(443): CodeIgniter\Debug\Exceptions->errorHandler(2, 'Trying to access array offset on value of type null', 'APPPATH\\Views\\customer\\reserve.php', 443)
 2 SYSTEMPATH\View\View.php(213): include('APPPATH\\Views\\customer\\reserve.php')
 3 SYSTEMPATH\View\View.php(216): CodeIgniter\View\View->CodeIgniter\View\{closure}()
 4 SYSTEMPATH\Common.php(1177): CodeIgniter\View\View->render('customer/reserve', [], true)
 5 APPPATH\Controllers\Customer.php(612): view('customer/reserve', [...])
 6 SYSTEMPATH\CodeIgniter.php(934): App\Controllers\Customer->reserve('vendors', 'FCPATH\\Images', 'img.jpg')
 7 SYSTEMPATH\CodeIgniter.php(499): CodeIgniter\CodeIgniter->runController(Object(App\Controllers\Customer))
 8 SYSTEMPATH\CodeIgniter.php(368): CodeIgniter\CodeIgniter->handleRequest(null, Object(Config\Cache), false)
 9 FCPATH\index.php(67): CodeIgniter\CodeIgniter->run()
10 SYSTEMPATH\Commands\Server\rewrite.php(47): require_once('FCPATH\\index.php')
INFO - 2023-12-20 02:12:15 --> Session: Class initialized using 'CodeIgniter\Session\Handlers\FileHandler' driver.
CRITICAL - 2023-12-20 02:12:15 --> Trying to access array offset on value of type null
in APPPATH\Views\customer\reserve.php on line 443.
 1 APPPATH\Views\customer\reserve.php(443): CodeIgniter\Debug\Exceptions->errorHandler(2, 'Trying to access array offset on value of type null', 'APPPATH\\Views\\customer\\reserve.php', 443)
 2 SYSTEMPATH\View\View.php(213): include('APPPATH\\Views\\customer\\reserve.php')
 3 SYSTEMPATH\View\View.php(216): CodeIgniter\View\View->CodeIgniter\View\{closure}()
 4 SYSTEMPATH\Common.php(1177): CodeIgniter\View\View->render('customer/reserve', [], true)
 5 APPPATH\Controllers\Customer.php(612): view('customer/reserve', [...])
 6 SYSTEMPATH\CodeIgniter.php(934): App\Controllers\Customer->reserve('vendors', 'FCPATH\\Images', 'photo1.jpg')
 7 SYSTEMPATH\CodeIgniter.php(499): CodeIgniter\CodeIgniter->runController(Object(App\Controllers\Customer))
 8 SYSTEMPATH\CodeIgniter.php(368): CodeIgniter\CodeIgniter->handleRequest(null, Object(Config\Cache), false)
 9 FCPATH\index.php(67): CodeIgniter\CodeIgniter->run()
10 SYSTEMPATH\Commands\Server\rewrite.php(47): require_once('FCPATH\\index.php')
INFO - 2023-12-20 02:12:15 --> Session: Class initialized using 'CodeIgniter\Session\Handlers\FileHandler' driver.
CRITICAL - 2023-12-20 02:12:15 --> Trying to access array offset on value of type null
in APPPATH\Views\customer\reserve.php on line 443.
 1 APPPATH\Views\customer\reserve.php(443): CodeIgniter\Debug\Exceptions->errorHandler(2, 'Trying to access array offset on value of type null', 'APPPATH\\Views\\customer\\reserve.php', 443)
 2 SYSTEMPATH\View\View.php(213): include('APPPATH\\Views\\customer\\reserve.php')
 3 SYSTEMPATH\View\View.php(216): CodeIgniter\View\View->CodeIgniter\View\{closure}()
 4 SYSTEMPATH\Common.php(1177): CodeIgniter\View\View->render('customer/reserve', [], true)
 5 APPPATH\Controllers\Customer.php(612): view('customer/reserve', [...])
 6 SYSTEMPATH\CodeIgniter.php(934): App\Controllers\Customer->reserve('vendors', 'FCPATH\\Images', 'photo2.jpg')
 7 SYSTEMPATH\CodeIgniter.php(499): CodeIgniter\CodeIgniter->runController(Object(App\Controllers\Customer))
 8 SYSTEMPATH\CodeIgniter.php(368): CodeIgniter\CodeIgniter->handleRequest(null, Object(Config\Cache), false)
 9 FCPATH\index.php(67): CodeIgniter\CodeIgniter->run()
10 SYSTEMPATH\Commands\Server\rewrite.php(47): require_once('FCPATH\\index.php')
INFO - 2023-12-20 02:12:15 --> Session: Class initialized using 'CodeIgniter\Session\Handlers\FileHandler' driver.
CRITICAL - 2023-12-20 02:12:15 --> Trying to access array offset on value of type null
in APPPATH\Views\customer\reserve.php on line 443.
 1 APPPATH\Views\customer\reserve.php(443): CodeIgniter\Debug\Exceptions->errorHandler(2, 'Trying to access array offset on value of type null', 'APPPATH\\Views\\customer\\reserve.php', 443)
 2 SYSTEMPATH\View\View.php(213): include('APPPATH\\Views\\customer\\reserve.php')
 3 SYSTEMPATH\View\View.php(216): CodeIgniter\View\View->CodeIgniter\View\{closure}()
 4 SYSTEMPATH\Common.php(1177): CodeIgniter\View\View->render('customer/reserve', [], true)
 5 APPPATH\Controllers\Customer.php(612): view('customer/reserve', [...])
 6 SYSTEMPATH\CodeIgniter.php(934): App\Controllers\Customer->reserve('vendors', 'FCPATH\\Images', 'photo3.jpg')
 7 SYSTEMPATH\CodeIgniter.php(499): CodeIgniter\CodeIgniter->runController(Object(App\Controllers\Customer))
 8 SYSTEMPATH\CodeIgniter.php(368): CodeIgniter\CodeIgniter->handleRequest(null, Object(Config\Cache), false)
 9 FCPATH\index.php(67): CodeIgniter\CodeIgniter->run()
10 SYSTEMPATH\Commands\Server\rewrite.php(47): require_once('FCPATH\\index.php')
INFO - 2023-12-20 02:12:16 --> Session: Class initialized using 'CodeIgniter\Session\Handlers\FileHandler' driver.
CRITICAL - 2023-12-20 02:12:16 --> Trying to access array offset on value of type null
in APPPATH\Views\customer\reserve.php on line 443.
 1 APPPATH\Views\customer\reserve.php(443): CodeIgniter\Debug\Exceptions->errorHandler(2, 'Trying to access array offset on value of type null', 'APPPATH\\Views\\customer\\reserve.php', 443)
 2 SYSTEMPATH\View\View.php(213): include('APPPATH\\Views\\customer\\reserve.php')
 3 SYSTEMPATH\View\View.php(216): CodeIgniter\View\View->CodeIgniter\View\{closure}()
 4 SYSTEMPATH\Common.php(1177): CodeIgniter\View\View->render('customer/reserve', [], true)
 5 APPPATH\Controllers\Customer.php(612): view('customer/reserve', [...])
 6 SYSTEMPATH\CodeIgniter.php(934): App\Controllers\Customer->reserve('vendors', 'FCPATH\\Images', 'github.svg')
 7 SYSTEMPATH\CodeIgniter.php(499): CodeIgniter\CodeIgniter->runController(Object(App\Controllers\Customer))
 8 SYSTEMPATH\CodeIgniter.php(368): CodeIgniter\CodeIgniter->handleRequest(null, Object(Config\Cache), false)
 9 FCPATH\index.php(67): CodeIgniter\CodeIgniter->run()
10 SYSTEMPATH\Commands\Server\rewrite.php(47): require_once('FCPATH\\index.php')
INFO - 2023-12-20 02:12:16 --> Session: Class initialized using 'CodeIgniter\Session\Handlers\FileHandler' driver.
CRITICAL - 2023-12-20 02:12:16 --> Trying to access array offset on value of type null
in APPPATH\Views\customer\reserve.php on line 443.
 1 APPPATH\Views\customer\reserve.php(443): CodeIgniter\Debug\Exceptions->errorHandler(2, 'Trying to access array offset on value of type null', 'APPPATH\\Views\\customer\\reserve.php', 443)
 2 SYSTEMPATH\View\View.php(213): include('APPPATH\\Views\\customer\\reserve.php')
 3 SYSTEMPATH\View\View.php(216): CodeIgniter\View\View->CodeIgniter\View\{closure}()
 4 SYSTEMPATH\Common.php(1177): CodeIgniter\View\View->render('customer/reserve', [], true)
 5 APPPATH\Controllers\Customer.php(612): view('customer/reserve', [...])
 6 SYSTEMPATH\CodeIgniter.php(934): App\Controllers\Customer->reserve('vendors', 'FCPATH\\Images', 'photo4.jpg')
 7 SYSTEMPATH\CodeIgniter.php(499): CodeIgniter\CodeIgniter->runController(Object(App\Controllers\Customer))
 8 SYSTEMPATH\CodeIgniter.php(368): CodeIgniter\CodeIgniter->handleRequest(null, Object(Config\Cache), false)
 9 FCPATH\index.php(67): CodeIgniter\CodeIgniter->run()
10 SYSTEMPATH\Commands\Server\rewrite.php(47): require_once('FCPATH\\index.php')
INFO - 2023-12-20 02:12:30 --> Session: Class initialized using 'CodeIgniter\Session\Handlers\FileHandler' driver.
INFO - 2023-12-20 02:12:31 --> Session: Class initialized using 'CodeIgniter\Session\Handlers\FileHandler' driver.
CRITICAL - 2023-12-20 02:12:31 --> Trying to access array offset on value of type null
in APPPATH\Views\customer\reserve.php on line 443.
 1 APPPATH\Views\customer\reserve.php(443): CodeIgniter\Debug\Exceptions->errorHandler(2, 'Trying to access array offset on value of type null', 'APPPATH\\Views\\customer\\reserve.php', 443)
 2 SYSTEMPATH\View\View.php(213): include('APPPATH\\Views\\customer\\reserve.php')
 3 SYSTEMPATH\View\View.php(216): CodeIgniter\View\View->CodeIgniter\View\{closure}()
 4 SYSTEMPATH\Common.php(1177): CodeIgniter\View\View->render('customer/reserve', [], true)
 5 APPPATH\Controllers\Customer.php(612): view('customer/reserve', [...])
 6 SYSTEMPATH\CodeIgniter.php(934): App\Controllers\Customer->reserve('vendors', 'FCPATH\\Images', 'img.jpg')
 7 SYSTEMPATH\CodeIgniter.php(499): CodeIgniter\CodeIgniter->runController(Object(App\Controllers\Customer))
 8 SYSTEMPATH\CodeIgniter.php(368): CodeIgniter\CodeIgniter->handleRequest(null, Object(Config\Cache), false)
 9 FCPATH\index.php(67): CodeIgniter\CodeIgniter->run()
10 SYSTEMPATH\Commands\Server\rewrite.php(47): require_once('FCPATH\\index.php')
INFO - 2023-12-20 02:12:31 --> Session: Class initialized using 'CodeIgniter\Session\Handlers\FileHandler' driver.
CRITICAL - 2023-12-20 02:12:31 --> Trying to access array offset on value of type null
in APPPATH\Views\customer\reserve.php on line 443.
 1 APPPATH\Views\customer\reserve.php(443): CodeIgniter\Debug\Exceptions->errorHandler(2, 'Trying to access array offset on value of type null', 'APPPATH\\Views\\customer\\reserve.php', 443)
 2 SYSTEMPATH\View\View.php(213): include('APPPATH\\Views\\customer\\reserve.php')
 3 SYSTEMPATH\View\View.php(216): CodeIgniter\View\View->CodeIgniter\View\{closure}()
 4 SYSTEMPATH\Common.php(1177): CodeIgniter\View\View->render('customer/reserve', [], true)
 5 APPPATH\Controllers\Customer.php(612): view('customer/reserve', [...])
 6 SYSTEMPATH\CodeIgniter.php(934): App\Controllers\Customer->reserve('vendors', 'FCPATH\\Images', 'photo1.jpg')
 7 SYSTEMPATH\CodeIgniter.php(499): CodeIgniter\CodeIgniter->runController(Object(App\Controllers\Customer))
 8 SYSTEMPATH\CodeIgniter.php(368): CodeIgniter\CodeIgniter->handleRequest(null, Object(Config\Cache), false)
 9 FCPATH\index.php(67): CodeIgniter\CodeIgniter->run()
10 SYSTEMPATH\Commands\Server\rewrite.php(47): require_once('FCPATH\\index.php')
INFO - 2023-12-20 02:12:31 --> Session: Class initialized using 'CodeIgniter\Session\Handlers\FileHandler' driver.
CRITICAL - 2023-12-20 02:12:31 --> Trying to access array offset on value of type null
in APPPATH\Views\customer\reserve.php on line 443.
 1 APPPATH\Views\customer\reserve.php(443): CodeIgniter\Debug\Exceptions->errorHandler(2, 'Trying to access array offset on value of type null', 'APPPATH\\Views\\customer\\reserve.php', 443)
 2 SYSTEMPATH\View\View.php(213): include('APPPATH\\Views\\customer\\reserve.php')
 3 SYSTEMPATH\View\View.php(216): CodeIgniter\View\View->CodeIgniter\View\{closure}()
 4 SYSTEMPATH\Common.php(1177): CodeIgniter\View\View->render('customer/reserve', [], true)
 5 APPPATH\Controllers\Customer.php(612): view('customer/reserve', [...])
 6 SYSTEMPATH\CodeIgniter.php(934): App\Controllers\Customer->reserve('vendors', 'FCPATH\\Images', 'photo2.jpg')
 7 SYSTEMPATH\CodeIgniter.php(499): CodeIgniter\CodeIgniter->runController(Object(App\Controllers\Customer))
 8 SYSTEMPATH\CodeIgniter.php(368): CodeIgniter\CodeIgniter->handleRequest(null, Object(Config\Cache), false)
 9 FCPATH\index.php(67): CodeIgniter\CodeIgniter->run()
10 SYSTEMPATH\Commands\Server\rewrite.php(47): require_once('FCPATH\\index.php')
INFO - 2023-12-20 02:12:31 --> Session: Class initialized using 'CodeIgniter\Session\Handlers\FileHandler' driver.
CRITICAL - 2023-12-20 02:12:31 --> Trying to access array offset on value of type null
in APPPATH\Views\customer\reserve.php on line 443.
 1 APPPATH\Views\customer\reserve.php(443): CodeIgniter\Debug\Exceptions->errorHandler(2, 'Trying to access array offset on value of type null', 'APPPATH\\Views\\customer\\reserve.php', 443)
 2 SYSTEMPATH\View\View.php(213): include('APPPATH\\Views\\customer\\reserve.php')
 3 SYSTEMPATH\View\View.php(216): CodeIgniter\View\View->CodeIgniter\View\{closure}()
 4 SYSTEMPATH\Common.php(1177): CodeIgniter\View\View->render('customer/reserve', [], true)
 5 APPPATH\Controllers\Customer.php(612): view('customer/reserve', [...])
 6 SYSTEMPATH\CodeIgniter.php(934): App\Controllers\Customer->reserve('vendors', 'FCPATH\\Images', 'photo3.jpg')
 7 SYSTEMPATH\CodeIgniter.php(499): CodeIgniter\CodeIgniter->runController(Object(App\Controllers\Customer))
 8 SYSTEMPATH\CodeIgniter.php(368): CodeIgniter\CodeIgniter->handleRequest(null, Object(Config\Cache), false)
 9 FCPATH\index.php(67): CodeIgniter\CodeIgniter->run()
10 SYSTEMPATH\Commands\Server\rewrite.php(47): require_once('FCPATH\\index.php')
INFO - 2023-12-20 02:12:31 --> Session: Class initialized using 'CodeIgniter\Session\Handlers\FileHandler' driver.
CRITICAL - 2023-12-20 02:12:31 --> Trying to access array offset on value of type null
in APPPATH\Views\customer\reserve.php on line 443.
 1 APPPATH\Views\customer\reserve.php(443): CodeIgniter\Debug\Exceptions->errorHandler(2, 'Trying to access array offset on value of type null', 'APPPATH\\Views\\customer\\reserve.php', 443)
 2 SYSTEMPATH\View\View.php(213): include('APPPATH\\Views\\customer\\reserve.php')
 3 SYSTEMPATH\View\View.php(216): CodeIgniter\View\View->CodeIgniter\View\{closure}()
 4 SYSTEMPATH\Common.php(1177): CodeIgniter\View\View->render('customer/reserve', [], true)
 5 APPPATH\Controllers\Customer.php(612): view('customer/reserve', [...])
 6 SYSTEMPATH\CodeIgniter.php(934): App\Controllers\Customer->reserve('vendors', 'FCPATH\\Images', 'github.svg')
 7 SYSTEMPATH\CodeIgniter.php(499): CodeIgniter\CodeIgniter->runController(Object(App\Controllers\Customer))
 8 SYSTEMPATH\CodeIgniter.php(368): CodeIgniter\CodeIgniter->handleRequest(null, Object(Config\Cache), false)
 9 FCPATH\index.php(67): CodeIgniter\CodeIgniter->run()
10 SYSTEMPATH\Commands\Server\rewrite.php(47): require_once('FCPATH\\index.php')
INFO - 2023-12-20 02:12:31 --> Session: Class initialized using 'CodeIgniter\Session\Handlers\FileHandler' driver.
CRITICAL - 2023-12-20 02:12:31 --> Trying to access array offset on value of type null
in APPPATH\Views\customer\reserve.php on line 443.
 1 APPPATH\Views\customer\reserve.php(443): CodeIgniter\Debug\Exceptions->errorHandler(2, 'Trying to access array offset on value of type null', 'APPPATH\\Views\\customer\\reserve.php', 443)
 2 SYSTEMPATH\View\View.php(213): include('APPPATH\\Views\\customer\\reserve.php')
 3 SYSTEMPATH\View\View.php(216): CodeIgniter\View\View->CodeIgniter\View\{closure}()
 4 SYSTEMPATH\Common.php(1177): CodeIgniter\View\View->render('customer/reserve', [], true)
 5 APPPATH\Controllers\Customer.php(612): view('customer/reserve', [...])
 6 SYSTEMPATH\CodeIgniter.php(934): App\Controllers\Customer->reserve('vendors', 'FCPATH\\Images', 'photo4.jpg')
 7 SYSTEMPATH\CodeIgniter.php(499): CodeIgniter\CodeIgniter->runController(Object(App\Controllers\Customer))
 8 SYSTEMPATH\CodeIgniter.php(368): CodeIgniter\CodeIgniter->handleRequest(null, Object(Config\Cache), false)
 9 FCPATH\index.php(67): CodeIgniter\CodeIgniter->run()
10 SYSTEMPATH\Commands\Server\rewrite.php(47): require_once('FCPATH\\index.php')
INFO - 2023-12-20 02:13:09 --> Session: Class initialized using 'CodeIgniter\Session\Handlers\FileHandler' driver.
INFO - 2023-12-20 02:13:09 --> Session: Class initialized using 'CodeIgniter\Session\Handlers\FileHandler' driver.
CRITICAL - 2023-12-20 02:13:09 --> Trying to access array offset on value of type null
in APPPATH\Views\customer\reserve.php on line 443.
 1 APPPATH\Views\customer\reserve.php(443): CodeIgniter\Debug\Exceptions->errorHandler(2, 'Trying to access array offset on value of type null', 'APPPATH\\Views\\customer\\reserve.php', 443)
 2 SYSTEMPATH\View\View.php(213): include('APPPATH\\Views\\customer\\reserve.php')
 3 SYSTEMPATH\View\View.php(216): CodeIgniter\View\View->CodeIgniter\View\{closure}()
 4 SYSTEMPATH\Common.php(1177): CodeIgniter\View\View->render('customer/reserve', [], true)
 5 APPPATH\Controllers\Customer.php(612): view('customer/reserve', [...])
 6 SYSTEMPATH\CodeIgniter.php(934): App\Controllers\Customer->reserve('vendors', 'FCPATH\\Images', 'img.jpg')
 7 SYSTEMPATH\CodeIgniter.php(499): CodeIgniter\CodeIgniter->runController(Object(App\Controllers\Customer))
 8 SYSTEMPATH\CodeIgniter.php(368): CodeIgniter\CodeIgniter->handleRequest(null, Object(Config\Cache), false)
 9 FCPATH\index.php(67): CodeIgniter\CodeIgniter->run()
10 SYSTEMPATH\Commands\Server\rewrite.php(47): require_once('FCPATH\\index.php')
INFO - 2023-12-20 02:13:09 --> Session: Class initialized using 'CodeIgniter\Session\Handlers\FileHandler' driver.
CRITICAL - 2023-12-20 02:13:09 --> Trying to access array offset on value of type null
in APPPATH\Views\customer\reserve.php on line 443.
 1 APPPATH\Views\customer\reserve.php(443): CodeIgniter\Debug\Exceptions->errorHandler(2, 'Trying to access array offset on value of type null', 'APPPATH\\Views\\customer\\reserve.php', 443)
 2 SYSTEMPATH\View\View.php(213): include('APPPATH\\Views\\customer\\reserve.php')
 3 SYSTEMPATH\View\View.php(216): CodeIgniter\View\View->CodeIgniter\View\{closure}()
 4 SYSTEMPATH\Common.php(1177): CodeIgniter\View\View->render('customer/reserve', [], true)
 5 APPPATH\Controllers\Customer.php(612): view('customer/reserve', [...])
 6 SYSTEMPATH\CodeIgniter.php(934): App\Controllers\Customer->reserve('vendors', 'FCPATH\\Images', 'photo1.jpg')
 7 SYSTEMPATH\CodeIgniter.php(499): CodeIgniter\CodeIgniter->runController(Object(App\Controllers\Customer))
 8 SYSTEMPATH\CodeIgniter.php(368): CodeIgniter\CodeIgniter->handleRequest(null, Object(Config\Cache), false)
 9 FCPATH\index.php(67): CodeIgniter\CodeIgniter->run()
10 SYSTEMPATH\Commands\Server\rewrite.php(47): require_once('FCPATH\\index.php')
INFO - 2023-12-20 02:13:09 --> Session: Class initialized using 'CodeIgniter\Session\Handlers\FileHandler' driver.
CRITICAL - 2023-12-20 02:13:09 --> Trying to access array offset on value of type null
in APPPATH\Views\customer\reserve.php on line 443.
 1 APPPATH\Views\customer\reserve.php(443): CodeIgniter\Debug\Exceptions->errorHandler(2, 'Trying to access array offset on value of type null', 'APPPATH\\Views\\customer\\reserve.php', 443)
 2 SYSTEMPATH\View\View.php(213): include('APPPATH\\Views\\customer\\reserve.php')
 3 SYSTEMPATH\View\View.php(216): CodeIgniter\View\View->CodeIgniter\View\{closure}()
 4 SYSTEMPATH\Common.php(1177): CodeIgniter\View\View->render('customer/reserve', [], true)
 5 APPPATH\Controllers\Customer.php(612): view('customer/reserve', [...])
 6 SYSTEMPATH\CodeIgniter.php(934): App\Controllers\Customer->reserve('vendors', 'FCPATH\\Images', 'photo2.jpg')
 7 SYSTEMPATH\CodeIgniter.php(499): CodeIgniter\CodeIgniter->runController(Object(App\Controllers\Customer))
 8 SYSTEMPATH\CodeIgniter.php(368): CodeIgniter\CodeIgniter->handleRequest(null, Object(Config\Cache), false)
 9 FCPATH\index.php(67): CodeIgniter\CodeIgniter->run()
10 SYSTEMPATH\Commands\Server\rewrite.php(47): require_once('FCPATH\\index.php')
INFO - 2023-12-20 02:13:09 --> Session: Class initialized using 'CodeIgniter\Session\Handlers\FileHandler' driver.
CRITICAL - 2023-12-20 02:13:09 --> Trying to access array offset on value of type null
in APPPATH\Views\customer\reserve.php on line 443.
 1 APPPATH\Views\customer\reserve.php(443): CodeIgniter\Debug\Exceptions->errorHandler(2, 'Trying to access array offset on value of type null', 'APPPATH\\Views\\customer\\reserve.php', 443)
 2 SYSTEMPATH\View\View.php(213): include('APPPATH\\Views\\customer\\reserve.php')
 3 SYSTEMPATH\View\View.php(216): CodeIgniter\View\View->CodeIgniter\View\{closure}()
 4 SYSTEMPATH\Common.php(1177): CodeIgniter\View\View->render('customer/reserve', [], true)
 5 APPPATH\Controllers\Customer.php(612): view('customer/reserve', [...])
 6 SYSTEMPATH\CodeIgniter.php(934): App\Controllers\Customer->reserve('vendors', 'FCPATH\\Images', 'photo3.jpg')
 7 SYSTEMPATH\CodeIgniter.php(499): CodeIgniter\CodeIgniter->runController(Object(App\Controllers\Customer))
 8 SYSTEMPATH\CodeIgniter.php(368): CodeIgniter\CodeIgniter->handleRequest(null, Object(Config\Cache), false)
 9 FCPATH\index.php(67): CodeIgniter\CodeIgniter->run()
10 SYSTEMPATH\Commands\Server\rewrite.php(47): require_once('FCPATH\\index.php')
INFO - 2023-12-20 02:13:09 --> Session: Class initialized using 'CodeIgniter\Session\Handlers\FileHandler' driver.
CRITICAL - 2023-12-20 02:13:09 --> Trying to access array offset on value of type null
in APPPATH\Views\customer\reserve.php on line 443.
 1 APPPATH\Views\customer\reserve.php(443): CodeIgniter\Debug\Exceptions->errorHandler(2, 'Trying to access array offset on value of type null', 'APPPATH\\Views\\customer\\reserve.php', 443)
 2 SYSTEMPATH\View\View.php(213): include('APPPATH\\Views\\customer\\reserve.php')
 3 SYSTEMPATH\View\View.php(216): CodeIgniter\View\View->CodeIgniter\View\{closure}()
 4 SYSTEMPATH\Common.php(1177): CodeIgniter\View\View->render('customer/reserve', [], true)
 5 APPPATH\Controllers\Customer.php(612): view('customer/reserve', [...])
 6 SYSTEMPATH\CodeIgniter.php(934): App\Controllers\Customer->reserve('vendors', 'FCPATH\\Images', 'github.svg')
 7 SYSTEMPATH\CodeIgniter.php(499): CodeIgniter\CodeIgniter->runController(Object(App\Controllers\Customer))
 8 SYSTEMPATH\CodeIgniter.php(368): CodeIgniter\CodeIgniter->handleRequest(null, Object(Config\Cache), false)
 9 FCPATH\index.php(67): CodeIgniter\CodeIgniter->run()
10 SYSTEMPATH\Commands\Server\rewrite.php(47): require_once('FCPATH\\index.php')
INFO - 2023-12-20 02:13:09 --> Session: Class initialized using 'CodeIgniter\Session\Handlers\FileHandler' driver.
CRITICAL - 2023-12-20 02:13:10 --> Trying to access array offset on value of type null
in APPPATH\Views\customer\reserve.php on line 443.
 1 APPPATH\Views\customer\reserve.php(443): CodeIgniter\Debug\Exceptions->errorHandler(2, 'Trying to access array offset on value of type null', 'APPPATH\\Views\\customer\\reserve.php', 443)
 2 SYSTEMPATH\View\View.php(213): include('APPPATH\\Views\\customer\\reserve.php')
 3 SYSTEMPATH\View\View.php(216): CodeIgniter\View\View->CodeIgniter\View\{closure}()
 4 SYSTEMPATH\Common.php(1177): CodeIgniter\View\View->render('customer/reserve', [], true)
 5 APPPATH\Controllers\Customer.php(612): view('customer/reserve', [...])
 6 SYSTEMPATH\CodeIgniter.php(934): App\Controllers\Customer->reserve('vendors', 'FCPATH\\Images', 'photo4.jpg')
 7 SYSTEMPATH\CodeIgniter.php(499): CodeIgniter\CodeIgniter->runController(Object(App\Controllers\Customer))
 8 SYSTEMPATH\CodeIgniter.php(368): CodeIgniter\CodeIgniter->handleRequest(null, Object(Config\Cache), false)
 9 FCPATH\index.php(67): CodeIgniter\CodeIgniter->run()
10 SYSTEMPATH\Commands\Server\rewrite.php(47): require_once('FCPATH\\index.php')
INFO - 2023-12-20 02:14:04 --> Session: Class initialized using 'CodeIgniter\Session\Handlers\FileHandler' driver.
INFO - 2023-12-20 02:14:04 --> Session: Class initialized using 'CodeIgniter\Session\Handlers\FileHandler' driver.
CRITICAL - 2023-12-20 02:14:04 --> Trying to access array offset on value of type null
in APPPATH\Views\customer\reserve.php on line 443.
 1 APPPATH\Views\customer\reserve.php(443): CodeIgniter\Debug\Exceptions->errorHandler(2, 'Trying to access array offset on value of type null', 'APPPATH\\Views\\customer\\reserve.php', 443)
 2 SYSTEMPATH\View\View.php(213): include('APPPATH\\Views\\customer\\reserve.php')
 3 SYSTEMPATH\View\View.php(216): CodeIgniter\View\View->CodeIgniter\View\{closure}()
 4 SYSTEMPATH\Common.php(1177): CodeIgniter\View\View->render('customer/reserve', [], true)
 5 APPPATH\Controllers\Customer.php(612): view('customer/reserve', [...])
 6 SYSTEMPATH\CodeIgniter.php(934): App\Controllers\Customer->reserve('vendors', 'FCPATH\\Images', 'img.jpg')
 7 SYSTEMPATH\CodeIgniter.php(499): CodeIgniter\CodeIgniter->runController(Object(App\Controllers\Customer))
 8 SYSTEMPATH\CodeIgniter.php(368): CodeIgniter\CodeIgniter->handleRequest(null, Object(Config\Cache), false)
 9 FCPATH\index.php(67): CodeIgniter\CodeIgniter->run()
10 SYSTEMPATH\Commands\Server\rewrite.php(47): require_once('FCPATH\\index.php')
INFO - 2023-12-20 02:14:04 --> Session: Class initialized using 'CodeIgniter\Session\Handlers\FileHandler' driver.
CRITICAL - 2023-12-20 02:14:04 --> Trying to access array offset on value of type null
in APPPATH\Views\customer\reserve.php on line 443.
 1 APPPATH\Views\customer\reserve.php(443): CodeIgniter\Debug\Exceptions->errorHandler(2, 'Trying to access array offset on value of type null', 'APPPATH\\Views\\customer\\reserve.php', 443)
 2 SYSTEMPATH\View\View.php(213): include('APPPATH\\Views\\customer\\reserve.php')
 3 SYSTEMPATH\View\View.php(216): CodeIgniter\View\View->CodeIgniter\View\{closure}()
 4 SYSTEMPATH\Common.php(1177): CodeIgniter\View\View->render('customer/reserve', [], true)
 5 APPPATH\Controllers\Customer.php(612): view('customer/reserve', [...])
 6 SYSTEMPATH\CodeIgniter.php(934): App\Controllers\Customer->reserve('vendors', 'FCPATH\\Images', 'photo1.jpg')
 7 SYSTEMPATH\CodeIgniter.php(499): CodeIgniter\CodeIgniter->runController(Object(App\Controllers\Customer))
 8 SYSTEMPATH\CodeIgniter.php(368): CodeIgniter\CodeIgniter->handleRequest(null, Object(Config\Cache), false)
 9 FCPATH\index.php(67): CodeIgniter\CodeIgniter->run()
10 SYSTEMPATH\Commands\Server\rewrite.php(47): require_once('FCPATH\\index.php')
INFO - 2023-12-20 02:14:04 --> Session: Class initialized using 'CodeIgniter\Session\Handlers\FileHandler' driver.
CRITICAL - 2023-12-20 02:14:04 --> Trying to access array offset on value of type null
in APPPATH\Views\customer\reserve.php on line 443.
 1 APPPATH\Views\customer\reserve.php(443): CodeIgniter\Debug\Exceptions->errorHandler(2, 'Trying to access array offset on value of type null', 'APPPATH\\Views\\customer\\reserve.php', 443)
 2 SYSTEMPATH\View\View.php(213): include('APPPATH\\Views\\customer\\reserve.php')
 3 SYSTEMPATH\View\View.php(216): CodeIgniter\View\View->CodeIgniter\View\{closure}()
 4 SYSTEMPATH\Common.php(1177): CodeIgniter\View\View->render('customer/reserve', [], true)
 5 APPPATH\Controllers\Customer.php(612): view('customer/reserve', [...])
 6 SYSTEMPATH\CodeIgniter.php(934): App\Controllers\Customer->reserve('vendors', 'FCPATH\\Images', 'photo2.jpg')
 7 SYSTEMPATH\CodeIgniter.php(499): CodeIgniter\CodeIgniter->runController(Object(App\Controllers\Customer))
 8 SYSTEMPATH\CodeIgniter.php(368): CodeIgniter\CodeIgniter->handleRequest(null, Object(Config\Cache), false)
 9 FCPATH\index.php(67): CodeIgniter\CodeIgniter->run()
10 SYSTEMPATH\Commands\Server\rewrite.php(47): require_once('FCPATH\\index.php')
INFO - 2023-12-20 02:14:04 --> Session: Class initialized using 'CodeIgniter\Session\Handlers\FileHandler' driver.
CRITICAL - 2023-12-20 02:14:04 --> Trying to access array offset on value of type null
in APPPATH\Views\customer\reserve.php on line 443.
 1 APPPATH\Views\customer\reserve.php(443): CodeIgniter\Debug\Exceptions->errorHandler(2, 'Trying to access array offset on value of type null', 'APPPATH\\Views\\customer\\reserve.php', 443)
 2 SYSTEMPATH\View\View.php(213): include('APPPATH\\Views\\customer\\reserve.php')
 3 SYSTEMPATH\View\View.php(216): CodeIgniter\View\View->CodeIgniter\View\{closure}()
 4 SYSTEMPATH\Common.php(1177): CodeIgniter\View\View->render('customer/reserve', [], true)
 5 APPPATH\Controllers\Customer.php(612): view('customer/reserve', [...])
 6 SYSTEMPATH\CodeIgniter.php(934): App\Controllers\Customer->reserve('vendors', 'FCPATH\\Images', 'photo3.jpg')
 7 SYSTEMPATH\CodeIgniter.php(499): CodeIgniter\CodeIgniter->runController(Object(App\Controllers\Customer))
 8 SYSTEMPATH\CodeIgniter.php(368): CodeIgniter\CodeIgniter->handleRequest(null, Object(Config\Cache), false)
 9 FCPATH\index.php(67): CodeIgniter\CodeIgniter->run()
10 SYSTEMPATH\Commands\Server\rewrite.php(47): require_once('FCPATH\\index.php')
INFO - 2023-12-20 02:14:04 --> Session: Class initialized using 'CodeIgniter\Session\Handlers\FileHandler' driver.
CRITICAL - 2023-12-20 02:14:04 --> Trying to access array offset on value of type null
in APPPATH\Views\customer\reserve.php on line 443.
 1 APPPATH\Views\customer\reserve.php(443): CodeIgniter\Debug\Exceptions->errorHandler(2, 'Trying to access array offset on value of type null', 'APPPATH\\Views\\customer\\reserve.php', 443)
 2 SYSTEMPATH\View\View.php(213): include('APPPATH\\Views\\customer\\reserve.php')
 3 SYSTEMPATH\View\View.php(216): CodeIgniter\View\View->CodeIgniter\View\{closure}()
 4 SYSTEMPATH\Common.php(1177): CodeIgniter\View\View->render('customer/reserve', [], true)
 5 APPPATH\Controllers\Customer.php(612): view('customer/reserve', [...])
 6 SYSTEMPATH\CodeIgniter.php(934): App\Controllers\Customer->reserve('vendors', 'FCPATH\\Images', 'github.svg')
 7 SYSTEMPATH\CodeIgniter.php(499): CodeIgniter\CodeIgniter->runController(Object(App\Controllers\Customer))
 8 SYSTEMPATH\CodeIgniter.php(368): CodeIgniter\CodeIgniter->handleRequest(null, Object(Config\Cache), false)
 9 FCPATH\index.php(67): CodeIgniter\CodeIgniter->run()
10 SYSTEMPATH\Commands\Server\rewrite.php(47): require_once('FCPATH\\index.php')
INFO - 2023-12-20 02:14:04 --> Session: Class initialized using 'CodeIgniter\Session\Handlers\FileHandler' driver.
CRITICAL - 2023-12-20 02:14:04 --> Trying to access array offset on value of type null
in APPPATH\Views\customer\reserve.php on line 443.
 1 APPPATH\Views\customer\reserve.php(443): CodeIgniter\Debug\Exceptions->errorHandler(2, 'Trying to access array offset on value of type null', 'APPPATH\\Views\\customer\\reserve.php', 443)
 2 SYSTEMPATH\View\View.php(213): include('APPPATH\\Views\\customer\\reserve.php')
 3 SYSTEMPATH\View\View.php(216): CodeIgniter\View\View->CodeIgniter\View\{closure}()
 4 SYSTEMPATH\Common.php(1177): CodeIgniter\View\View->render('customer/reserve', [], true)
 5 APPPATH\Controllers\Customer.php(612): view('customer/reserve', [...])
 6 SYSTEMPATH\CodeIgniter.php(934): App\Controllers\Customer->reserve('vendors', 'FCPATH\\Images', 'photo4.jpg')
 7 SYSTEMPATH\CodeIgniter.php(499): CodeIgniter\CodeIgniter->runController(Object(App\Controllers\Customer))
 8 SYSTEMPATH\CodeIgniter.php(368): CodeIgniter\CodeIgniter->handleRequest(null, Object(Config\Cache), false)
 9 FCPATH\index.php(67): CodeIgniter\CodeIgniter->run()
10 SYSTEMPATH\Commands\Server\rewrite.php(47): require_once('FCPATH\\index.php')
INFO - 2023-12-20 02:14:16 --> Session: Class initialized using 'CodeIgniter\Session\Handlers\FileHandler' driver.
INFO - 2023-12-20 02:14:16 --> Session: Class initialized using 'CodeIgniter\Session\Handlers\FileHandler' driver.
CRITICAL - 2023-12-20 02:14:16 --> Trying to access array offset on value of type null
in APPPATH\Views\customer\reserve.php on line 443.
 1 APPPATH\Views\customer\reserve.php(443): CodeIgniter\Debug\Exceptions->errorHandler(2, 'Trying to access array offset on value of type null', 'APPPATH\\Views\\customer\\reserve.php', 443)
 2 SYSTEMPATH\View\View.php(213): include('APPPATH\\Views\\customer\\reserve.php')
 3 SYSTEMPATH\View\View.php(216): CodeIgniter\View\View->CodeIgniter\View\{closure}()
 4 SYSTEMPATH\Common.php(1177): CodeIgniter\View\View->render('customer/reserve', [], true)
 5 APPPATH\Controllers\Customer.php(612): view('customer/reserve', [...])
 6 SYSTEMPATH\CodeIgniter.php(934): App\Controllers\Customer->reserve('vendors', 'FCPATH\\Images', 'img.jpg')
 7 SYSTEMPATH\CodeIgniter.php(499): CodeIgniter\CodeIgniter->runController(Object(App\Controllers\Customer))
 8 SYSTEMPATH\CodeIgniter.php(368): CodeIgniter\CodeIgniter->handleRequest(null, Object(Config\Cache), false)
 9 FCPATH\index.php(67): CodeIgniter\CodeIgniter->run()
10 SYSTEMPATH\Commands\Server\rewrite.php(47): require_once('FCPATH\\index.php')
INFO - 2023-12-20 02:14:16 --> Session: Class initialized using 'CodeIgniter\Session\Handlers\FileHandler' driver.
CRITICAL - 2023-12-20 02:14:17 --> Trying to access array offset on value of type null
in APPPATH\Views\customer\reserve.php on line 443.
 1 APPPATH\Views\customer\reserve.php(443): CodeIgniter\Debug\Exceptions->errorHandler(2, 'Trying to access array offset on value of type null', 'APPPATH\\Views\\customer\\reserve.php', 443)
 2 SYSTEMPATH\View\View.php(213): include('APPPATH\\Views\\customer\\reserve.php')
 3 SYSTEMPATH\View\View.php(216): CodeIgniter\View\View->CodeIgniter\View\{closure}()
 4 SYSTEMPATH\Common.php(1177): CodeIgniter\View\View->render('customer/reserve', [], true)
 5 APPPATH\Controllers\Customer.php(612): view('customer/reserve', [...])
 6 SYSTEMPATH\CodeIgniter.php(934): App\Controllers\Customer->reserve('vendors', 'FCPATH\\Images', 'photo1.jpg')
 7 SYSTEMPATH\CodeIgniter.php(499): CodeIgniter\CodeIgniter->runController(Object(App\Controllers\Customer))
 8 SYSTEMPATH\CodeIgniter.php(368): CodeIgniter\CodeIgniter->handleRequest(null, Object(Config\Cache), false)
 9 FCPATH\index.php(67): CodeIgniter\CodeIgniter->run()
10 SYSTEMPATH\Commands\Server\rewrite.php(47): require_once('FCPATH\\index.php')
INFO - 2023-12-20 02:14:17 --> Session: Class initialized using 'CodeIgniter\Session\Handlers\FileHandler' driver.
CRITICAL - 2023-12-20 02:14:17 --> Trying to access array offset on value of type null
in APPPATH\Views\customer\reserve.php on line 443.
 1 APPPATH\Views\customer\reserve.php(443): CodeIgniter\Debug\Exceptions->errorHandler(2, 'Trying to access array offset on value of type null', 'APPPATH\\Views\\customer\\reserve.php', 443)
 2 SYSTEMPATH\View\View.php(213): include('APPPATH\\Views\\customer\\reserve.php')
 3 SYSTEMPATH\View\View.php(216): CodeIgniter\View\View->CodeIgniter\View\{closure}()
 4 SYSTEMPATH\Common.php(1177): CodeIgniter\View\View->render('customer/reserve', [], true)
 5 APPPATH\Controllers\Customer.php(612): view('customer/reserve', [...])
 6 SYSTEMPATH\CodeIgniter.php(934): App\Controllers\Customer->reserve('vendors', 'FCPATH\\Images', 'photo2.jpg')
 7 SYSTEMPATH\CodeIgniter.php(499): CodeIgniter\CodeIgniter->runController(Object(App\Controllers\Customer))
 8 SYSTEMPATH\CodeIgniter.php(368): CodeIgniter\CodeIgniter->handleRequest(null, Object(Config\Cache), false)
 9 FCPATH\index.php(67): CodeIgniter\CodeIgniter->run()
10 SYSTEMPATH\Commands\Server\rewrite.php(47): require_once('FCPATH\\index.php')
INFO - 2023-12-20 02:14:17 --> Session: Class initialized using 'CodeIgniter\Session\Handlers\FileHandler' driver.
CRITICAL - 2023-12-20 02:14:17 --> Trying to access array offset on value of type null
in APPPATH\Views\customer\reserve.php on line 443.
 1 APPPATH\Views\customer\reserve.php(443): CodeIgniter\Debug\Exceptions->errorHandler(2, 'Trying to access array offset on value of type null', 'APPPATH\\Views\\customer\\reserve.php', 443)
 2 SYSTEMPATH\View\View.php(213): include('APPPATH\\Views\\customer\\reserve.php')
 3 SYSTEMPATH\View\View.php(216): CodeIgniter\View\View->CodeIgniter\View\{closure}()
 4 SYSTEMPATH\Common.php(1177): CodeIgniter\View\View->render('customer/reserve', [], true)
 5 APPPATH\Controllers\Customer.php(612): view('customer/reserve', [...])
 6 SYSTEMPATH\CodeIgniter.php(934): App\Controllers\Customer->reserve('vendors', 'FCPATH\\Images', 'photo3.jpg')
 7 SYSTEMPATH\CodeIgniter.php(499): CodeIgniter\CodeIgniter->runController(Object(App\Controllers\Customer))
 8 SYSTEMPATH\CodeIgniter.php(368): CodeIgniter\CodeIgniter->handleRequest(null, Object(Config\Cache), false)
 9 FCPATH\index.php(67): CodeIgniter\CodeIgniter->run()
10 SYSTEMPATH\Commands\Server\rewrite.php(47): require_once('FCPATH\\index.php')
INFO - 2023-12-20 02:14:17 --> Session: Class initialized using 'CodeIgniter\Session\Handlers\FileHandler' driver.
CRITICAL - 2023-12-20 02:14:17 --> Trying to access array offset on value of type null
in APPPATH\Views\customer\reserve.php on line 443.
 1 APPPATH\Views\customer\reserve.php(443): CodeIgniter\Debug\Exceptions->errorHandler(2, 'Trying to access array offset on value of type null', 'APPPATH\\Views\\customer\\reserve.php', 443)
 2 SYSTEMPATH\View\View.php(213): include('APPPATH\\Views\\customer\\reserve.php')
 3 SYSTEMPATH\View\View.php(216): CodeIgniter\View\View->CodeIgniter\View\{closure}()
 4 SYSTEMPATH\Common.php(1177): CodeIgniter\View\View->render('customer/reserve', [], true)
 5 APPPATH\Controllers\Customer.php(612): view('customer/reserve', [...])
 6 SYSTEMPATH\CodeIgniter.php(934): App\Controllers\Customer->reserve('vendors', 'FCPATH\\Images', 'github.svg')
 7 SYSTEMPATH\CodeIgniter.php(499): CodeIgniter\CodeIgniter->runController(Object(App\Controllers\Customer))
 8 SYSTEMPATH\CodeIgniter.php(368): CodeIgniter\CodeIgniter->handleRequest(null, Object(Config\Cache), false)
 9 FCPATH\index.php(67): CodeIgniter\CodeIgniter->run()
10 SYSTEMPATH\Commands\Server\rewrite.php(47): require_once('FCPATH\\index.php')
INFO - 2023-12-20 02:14:17 --> Session: Class initialized using 'CodeIgniter\Session\Handlers\FileHandler' driver.
CRITICAL - 2023-12-20 02:14:17 --> Trying to access array offset on value of type null
in APPPATH\Views\customer\reserve.php on line 443.
 1 APPPATH\Views\customer\reserve.php(443): CodeIgniter\Debug\Exceptions->errorHandler(2, 'Trying to access array offset on value of type null', 'APPPATH\\Views\\customer\\reserve.php', 443)
 2 SYSTEMPATH\View\View.php(213): include('APPPATH\\Views\\customer\\reserve.php')
 3 SYSTEMPATH\View\View.php(216): CodeIgniter\View\View->CodeIgniter\View\{closure}()
 4 SYSTEMPATH\Common.php(1177): CodeIgniter\View\View->render('customer/reserve', [], true)
 5 APPPATH\Controllers\Customer.php(612): view('customer/reserve', [...])
 6 SYSTEMPATH\CodeIgniter.php(934): App\Controllers\Customer->reserve('vendors', 'FCPATH\\Images', 'photo4.jpg')
 7 SYSTEMPATH\CodeIgniter.php(499): CodeIgniter\CodeIgniter->runController(Object(App\Controllers\Customer))
 8 SYSTEMPATH\CodeIgniter.php(368): CodeIgniter\CodeIgniter->handleRequest(null, Object(Config\Cache), false)
 9 FCPATH\index.php(67): CodeIgniter\CodeIgniter->run()
10 SYSTEMPATH\Commands\Server\rewrite.php(47): require_once('FCPATH\\index.php')
INFO - 2023-12-20 02:15:15 --> Session: Class initialized using 'CodeIgniter\Session\Handlers\FileHandler' driver.
INFO - 2023-12-20 02:15:39 --> Session: Class initialized using 'CodeIgniter\Session\Handlers\FileHandler' driver.
INFO - 2023-12-20 02:16:21 --> Session: Class initialized using 'CodeIgniter\Session\Handlers\FileHandler' driver.
INFO - 2023-12-20 02:16:21 --> Session: Class initialized using 'CodeIgniter\Session\Handlers\FileHandler' driver.
CRITICAL - 2023-12-20 02:16:21 --> Trying to access array offset on value of type null
in APPPATH\Views\customer\reserve.php on line 353.
 1 APPPATH\Views\customer\reserve.php(353): CodeIgniter\Debug\Exceptions->errorHandler(2, 'Trying to access array offset on value of type null', 'APPPATH\\Views\\customer\\reserve.php', 353)
 2 SYSTEMPATH\View\View.php(213): include('APPPATH\\Views\\customer\\reserve.php')
 3 SYSTEMPATH\View\View.php(216): CodeIgniter\View\View->CodeIgniter\View\{closure}()
 4 SYSTEMPATH\Common.php(1177): CodeIgniter\View\View->render('customer/reserve', [], true)
 5 APPPATH\Controllers\Customer.php(612): view('customer/reserve', [...])
 6 SYSTEMPATH\CodeIgniter.php(934): App\Controllers\Customer->reserve('vendors', 'FCPATH\\Images', 'github.svg')
 7 SYSTEMPATH\CodeIgniter.php(499): CodeIgniter\CodeIgniter->runController(Object(App\Controllers\Customer))
 8 SYSTEMPATH\CodeIgniter.php(368): CodeIgniter\CodeIgniter->handleRequest(null, Object(Config\Cache), false)
 9 FCPATH\index.php(67): CodeIgniter\CodeIgniter->run()
10 SYSTEMPATH\Commands\Server\rewrite.php(47): require_once('FCPATH\\index.php')
INFO - 2023-12-20 02:19:56 --> Session: Class initialized using 'CodeIgniter\Session\Handlers\FileHandler' driver.
INFO - 2023-12-20 02:19:56 --> Session: Class initialized using 'CodeIgniter\Session\Handlers\FileHandler' driver.
CRITICAL - 2023-12-20 02:19:56 --> Trying to access array offset on value of type null
in APPPATH\Views\customer\reserve.php on line 353.
 1 APPPATH\Views\customer\reserve.php(353): CodeIgniter\Debug\Exceptions->errorHandler(2, 'Trying to access array offset on value of type null', 'APPPATH\\Views\\customer\\reserve.php', 353)
 2 SYSTEMPATH\View\View.php(213): include('APPPATH\\Views\\customer\\reserve.php')
 3 SYSTEMPATH\View\View.php(216): CodeIgniter\View\View->CodeIgniter\View\{closure}()
 4 SYSTEMPATH\Common.php(1177): CodeIgniter\View\View->render('customer/reserve', [], true)
 5 APPPATH\Controllers\Customer.php(612): view('customer/reserve', [...])
 6 SYSTEMPATH\CodeIgniter.php(934): App\Controllers\Customer->reserve('vendors', 'FCPATH\\Images', 'github.svg')
 7 SYSTEMPATH\CodeIgniter.php(499): CodeIgniter\CodeIgniter->runController(Object(App\Controllers\Customer))
 8 SYSTEMPATH\CodeIgniter.php(368): CodeIgniter\CodeIgniter->handleRequest(null, Object(Config\Cache), false)
 9 FCPATH\index.php(67): CodeIgniter\CodeIgniter->run()
10 SYSTEMPATH\Commands\Server\rewrite.php(47): require_once('FCPATH\\index.php')
INFO - 2023-12-20 02:30:59 --> Session: Class initialized using 'CodeIgniter\Session\Handlers\FileHandler' driver.
INFO - 2023-12-20 02:30:59 --> Session: Class initialized using 'CodeIgniter\Session\Handlers\FileHandler' driver.
CRITICAL - 2023-12-20 02:30:59 --> Trying to access array offset on value of type null
in APPPATH\Views\customer\reserve.php on line 353.
 1 APPPATH\Views\customer\reserve.php(353): CodeIgniter\Debug\Exceptions->errorHandler(2, 'Trying to access array offset on value of type null', 'APPPATH\\Views\\customer\\reserve.php', 353)
 2 SYSTEMPATH\View\View.php(213): include('APPPATH\\Views\\customer\\reserve.php')
 3 SYSTEMPATH\View\View.php(216): CodeIgniter\View\View->CodeIgniter\View\{closure}()
 4 SYSTEMPATH\Common.php(1177): CodeIgniter\View\View->render('customer/reserve', [], true)
 5 APPPATH\Controllers\Customer.php(612): view('customer/reserve', [...])
 6 SYSTEMPATH\CodeIgniter.php(934): App\Controllers\Customer->reserve('vendors', 'FCPATH\\Images', 'github.svg')
 7 SYSTEMPATH\CodeIgniter.php(499): CodeIgniter\CodeIgniter->runController(Object(App\Controllers\Customer))
 8 SYSTEMPATH\CodeIgniter.php(368): CodeIgniter\CodeIgniter->handleRequest(null, Object(Config\Cache), false)
 9 FCPATH\index.php(67): CodeIgniter\CodeIgniter->run()
10 SYSTEMPATH\Commands\Server\rewrite.php(47): require_once('FCPATH\\index.php')
INFO - 2023-12-20 02:33:09 --> Session: Class initialized using 'CodeIgniter\Session\Handlers\FileHandler' driver.
INFO - 2023-12-20 02:33:09 --> Session: Class initialized using 'CodeIgniter\Session\Handlers\FileHandler' driver.
