CRITICAL - 2023-12-12 06:09:32 --> Trying to access array offset on value of type null
in APPPATH\Views\customer\reserve.php on line 443.
 1 APPPATH\Views\customer\reserve.php(443): CodeIgniter\Debug\Exceptions->errorHandler(2, 'Trying to access array offset on value of type null', 'APPPATH\\Views\\customer\\reserve.php', 443)
 2 SYSTEMPATH\View\View.php(213): include('APPPATH\\Views\\customer\\reserve.php')
 3 SYSTEMPATH\View\View.php(216): CodeIgniter\View\View->CodeIgniter\View\{closure}()
 4 SYSTEMPATH\Common.php(1177): CodeIgniter\View\View->render('customer/reserve', [], true)
 5 APPPATH\Controllers\Customer.php(558): view('customer/reserve', [...])
 6 SYSTEMPATH\CodeIgniter.php(934): App\Controllers\Customer->reserve('vendors', 'FCPATH\\Images', 'img.jpg')
 7 SYSTEMPATH\CodeIgniter.php(499): CodeIgniter\CodeIgniter->runController(Object(App\Controllers\Customer))
 8 SYSTEMPATH\CodeIgniter.php(368): CodeIgniter\CodeIgniter->handleRequest(null, Object(Config\Cache), false)
 9 FCPATH\index.php(67): CodeIgniter\CodeIgniter->run()
10 SYSTEMPATH\Commands\Server\rewrite.php(47): require_once('FCPATH\\index.php')
CRITICAL - 2023-12-12 06:09:32 --> Trying to access array offset on value of type null
in APPPATH\Views\customer\reserve.php on line 443.
 1 APPPATH\Views\customer\reserve.php(443): CodeIgniter\Debug\Exceptions->errorHandler(2, 'Trying to access array offset on value of type null', 'APPPATH\\Views\\customer\\reserve.php', 443)
 2 SYSTEMPATH\View\View.php(213): include('APPPATH\\Views\\customer\\reserve.php')
 3 SYSTEMPATH\View\View.php(216): CodeIgniter\View\View->CodeIgniter\View\{closure}()
 4 SYSTEMPATH\Common.php(1177): CodeIgniter\View\View->render('customer/reserve', [], true)
 5 APPPATH\Controllers\Customer.php(558): view('customer/reserve', [...])
 6 SYSTEMPATH\CodeIgniter.php(934): App\Controllers\Customer->reserve('vendors', 'FCPATH\\Images', 'photo1.jpg')
 7 SYSTEMPATH\CodeIgniter.php(499): CodeIgniter\CodeIgniter->runController(Object(App\Controllers\Customer))
 8 SYSTEMPATH\CodeIgniter.php(368): CodeIgniter\CodeIgniter->handleRequest(null, Object(Config\Cache), false)
 9 FCPATH\index.php(67): CodeIgniter\CodeIgniter->run()
10 SYSTEMPATH\Commands\Server\rewrite.php(47): require_once('FCPATH\\index.php')
CRITICAL - 2023-12-12 06:09:32 --> Trying to access array offset on value of type null
in APPPATH\Views\customer\reserve.php on line 443.
 1 APPPATH\Views\customer\reserve.php(443): CodeIgniter\Debug\Exceptions->errorHandler(2, 'Trying to access array offset on value of type null', 'APPPATH\\Views\\customer\\reserve.php', 443)
 2 SYSTEMPATH\View\View.php(213): include('APPPATH\\Views\\customer\\reserve.php')
 3 SYSTEMPATH\View\View.php(216): CodeIgniter\View\View->CodeIgniter\View\{closure}()
 4 SYSTEMPATH\Common.php(1177): CodeIgniter\View\View->render('customer/reserve', [], true)
 5 APPPATH\Controllers\Customer.php(558): view('customer/reserve', [...])
 6 SYSTEMPATH\CodeIgniter.php(934): App\Controllers\Customer->reserve('vendors', 'FCPATH\\Images', 'photo2.jpg')
 7 SYSTEMPATH\CodeIgniter.php(499): CodeIgniter\CodeIgniter->runController(Object(App\Controllers\Customer))
 8 SYSTEMPATH\CodeIgniter.php(368): CodeIgniter\CodeIgniter->handleRequest(null, Object(Config\Cache), false)
 9 FCPATH\index.php(67): CodeIgniter\CodeIgniter->run()
10 SYSTEMPATH\Commands\Server\rewrite.php(47): require_once('FCPATH\\index.php')
CRITICAL - 2023-12-12 06:09:32 --> Trying to access array offset on value of type null
in APPPATH\Views\customer\reserve.php on line 443.
 1 APPPATH\Views\customer\reserve.php(443): CodeIgniter\Debug\Exceptions->errorHandler(2, 'Trying to access array offset on value of type null', 'APPPATH\\Views\\customer\\reserve.php', 443)
 2 SYSTEMPATH\View\View.php(213): include('APPPATH\\Views\\customer\\reserve.php')
 3 SYSTEMPATH\View\View.php(216): CodeIgniter\View\View->CodeIgniter\View\{closure}()
 4 SYSTEMPATH\Common.php(1177): CodeIgniter\View\View->render('customer/reserve', [], true)
 5 APPPATH\Controllers\Customer.php(558): view('customer/reserve', [...])
 6 SYSTEMPATH\CodeIgniter.php(934): App\Controllers\Customer->reserve('vendors', 'FCPATH\\Images', 'photo3.jpg')
 7 SYSTEMPATH\CodeIgniter.php(499): CodeIgniter\CodeIgniter->runController(Object(App\Controllers\Customer))
 8 SYSTEMPATH\CodeIgniter.php(368): CodeIgniter\CodeIgniter->handleRequest(null, Object(Config\Cache), false)
 9 FCPATH\index.php(67): CodeIgniter\CodeIgniter->run()
10 SYSTEMPATH\Commands\Server\rewrite.php(47): require_once('FCPATH\\index.php')
CRITICAL - 2023-12-12 06:09:32 --> Trying to access array offset on value of type null
in APPPATH\Views\customer\reserve.php on line 443.
 1 APPPATH\Views\customer\reserve.php(443): CodeIgniter\Debug\Exceptions->errorHandler(2, 'Trying to access array offset on value of type null', 'APPPATH\\Views\\customer\\reserve.php', 443)
 2 SYSTEMPATH\View\View.php(213): include('APPPATH\\Views\\customer\\reserve.php')
 3 SYSTEMPATH\View\View.php(216): CodeIgniter\View\View->CodeIgniter\View\{closure}()
 4 SYSTEMPATH\Common.php(1177): CodeIgniter\View\View->render('customer/reserve', [], true)
 5 APPPATH\Controllers\Customer.php(558): view('customer/reserve', [...])
 6 SYSTEMPATH\CodeIgniter.php(934): App\Controllers\Customer->reserve('vendors', 'FCPATH\\Images', 'github.svg')
 7 SYSTEMPATH\CodeIgniter.php(499): CodeIgniter\CodeIgniter->runController(Object(App\Controllers\Customer))
 8 SYSTEMPATH\CodeIgniter.php(368): CodeIgniter\CodeIgniter->handleRequest(null, Object(Config\Cache), false)
 9 FCPATH\index.php(67): CodeIgniter\CodeIgniter->run()
10 SYSTEMPATH\Commands\Server\rewrite.php(47): require_once('FCPATH\\index.php')
CRITICAL - 2023-12-12 06:09:32 --> Trying to access array offset on value of type null
in APPPATH\Views\customer\reserve.php on line 443.
 1 APPPATH\Views\customer\reserve.php(443): CodeIgniter\Debug\Exceptions->errorHandler(2, 'Trying to access array offset on value of type null', 'APPPATH\\Views\\customer\\reserve.php', 443)
 2 SYSTEMPATH\View\View.php(213): include('APPPATH\\Views\\customer\\reserve.php')
 3 SYSTEMPATH\View\View.php(216): CodeIgniter\View\View->CodeIgniter\View\{closure}()
 4 SYSTEMPATH\Common.php(1177): CodeIgniter\View\View->render('customer/reserve', [], true)
 5 APPPATH\Controllers\Customer.php(558): view('customer/reserve', [...])
 6 SYSTEMPATH\CodeIgniter.php(934): App\Controllers\Customer->reserve('vendors', 'FCPATH\\Images', 'photo4.jpg')
 7 SYSTEMPATH\CodeIgniter.php(499): CodeIgniter\CodeIgniter->runController(Object(App\Controllers\Customer))
 8 SYSTEMPATH\CodeIgniter.php(368): CodeIgniter\CodeIgniter->handleRequest(null, Object(Config\Cache), false)
 9 FCPATH\index.php(67): CodeIgniter\CodeIgniter->run()
10 SYSTEMPATH\Commands\Server\rewrite.php(47): require_once('FCPATH\\index.php')
CRITICAL - 2023-12-12 06:09:32 --> Trying to access array offset on value of type null
in APPPATH\Views\customer\reserve.php on line 443.
 1 APPPATH\Views\customer\reserve.php(443): CodeIgniter\Debug\Exceptions->errorHandler(2, 'Trying to access array offset on value of type null', 'APPPATH\\Views\\customer\\reserve.php', 443)
 2 SYSTEMPATH\View\View.php(213): include('APPPATH\\Views\\customer\\reserve.php')
 3 SYSTEMPATH\View\View.php(216): CodeIgniter\View\View->CodeIgniter\View\{closure}()
 4 SYSTEMPATH\Common.php(1177): CodeIgniter\View\View->render('customer/reserve', [], true)
 5 APPPATH\Controllers\Customer.php(558): view('customer/reserve', [...])
 6 SYSTEMPATH\CodeIgniter.php(934): App\Controllers\Customer->reserve('vendors', 'FCPATH\\Images', 'img.jpg')
 7 SYSTEMPATH\CodeIgniter.php(499): CodeIgniter\CodeIgniter->runController(Object(App\Controllers\Customer))
 8 SYSTEMPATH\CodeIgniter.php(368): CodeIgniter\CodeIgniter->handleRequest(null, Object(Config\Cache), false)
 9 FCPATH\index.php(67): CodeIgniter\CodeIgniter->run()
10 SYSTEMPATH\Commands\Server\rewrite.php(47): require_once('FCPATH\\index.php')
CRITICAL - 2023-12-12 06:15:50 --> Trying to access array offset on value of type null
in APPPATH\Views\customer\reserve.php on line 443.
 1 APPPATH\Views\customer\reserve.php(443): CodeIgniter\Debug\Exceptions->errorHandler(2, 'Trying to access array offset on value of type null', 'APPPATH\\Views\\customer\\reserve.php', 443)
 2 SYSTEMPATH\View\View.php(213): include('APPPATH\\Views\\customer\\reserve.php')
 3 SYSTEMPATH\View\View.php(216): CodeIgniter\View\View->CodeIgniter\View\{closure}()
 4 SYSTEMPATH\Common.php(1177): CodeIgniter\View\View->render('customer/reserve', [], true)
 5 APPPATH\Controllers\Customer.php(558): view('customer/reserve', [...])
 6 SYSTEMPATH\CodeIgniter.php(934): App\Controllers\Customer->reserve('vendors', 'FCPATH\\Images', 'img.jpg')
 7 SYSTEMPATH\CodeIgniter.php(499): CodeIgniter\CodeIgniter->runController(Object(App\Controllers\Customer))
 8 SYSTEMPATH\CodeIgniter.php(368): CodeIgniter\CodeIgniter->handleRequest(null, Object(Config\Cache), false)
 9 FCPATH\index.php(67): CodeIgniter\CodeIgniter->run()
10 SYSTEMPATH\Commands\Server\rewrite.php(47): require_once('FCPATH\\index.php')
CRITICAL - 2023-12-12 06:15:51 --> Trying to access array offset on value of type null
in APPPATH\Views\customer\reserve.php on line 443.
 1 APPPATH\Views\customer\reserve.php(443): CodeIgniter\Debug\Exceptions->errorHandler(2, 'Trying to access array offset on value of type null', 'APPPATH\\Views\\customer\\reserve.php', 443)
 2 SYSTEMPATH\View\View.php(213): include('APPPATH\\Views\\customer\\reserve.php')
 3 SYSTEMPATH\View\View.php(216): CodeIgniter\View\View->CodeIgniter\View\{closure}()
 4 SYSTEMPATH\Common.php(1177): CodeIgniter\View\View->render('customer/reserve', [], true)
 5 APPPATH\Controllers\Customer.php(558): view('customer/reserve', [...])
 6 SYSTEMPATH\CodeIgniter.php(934): App\Controllers\Customer->reserve('vendors', 'FCPATH\\Images', 'photo1.jpg')
 7 SYSTEMPATH\CodeIgniter.php(499): CodeIgniter\CodeIgniter->runController(Object(App\Controllers\Customer))
 8 SYSTEMPATH\CodeIgniter.php(368): CodeIgniter\CodeIgniter->handleRequest(null, Object(Config\Cache), false)
 9 FCPATH\index.php(67): CodeIgniter\CodeIgniter->run()
10 SYSTEMPATH\Commands\Server\rewrite.php(47): require_once('FCPATH\\index.php')
CRITICAL - 2023-12-12 06:15:51 --> Trying to access array offset on value of type null
in APPPATH\Views\customer\reserve.php on line 443.
 1 APPPATH\Views\customer\reserve.php(443): CodeIgniter\Debug\Exceptions->errorHandler(2, 'Trying to access array offset on value of type null', 'APPPATH\\Views\\customer\\reserve.php', 443)
 2 SYSTEMPATH\View\View.php(213): include('APPPATH\\Views\\customer\\reserve.php')
 3 SYSTEMPATH\View\View.php(216): CodeIgniter\View\View->CodeIgniter\View\{closure}()
 4 SYSTEMPATH\Common.php(1177): CodeIgniter\View\View->render('customer/reserve', [], true)
 5 APPPATH\Controllers\Customer.php(558): view('customer/reserve', [...])
 6 SYSTEMPATH\CodeIgniter.php(934): App\Controllers\Customer->reserve('vendors', 'FCPATH\\Images', 'photo2.jpg')
 7 SYSTEMPATH\CodeIgniter.php(499): CodeIgniter\CodeIgniter->runController(Object(App\Controllers\Customer))
 8 SYSTEMPATH\CodeIgniter.php(368): CodeIgniter\CodeIgniter->handleRequest(null, Object(Config\Cache), false)
 9 FCPATH\index.php(67): CodeIgniter\CodeIgniter->run()
10 SYSTEMPATH\Commands\Server\rewrite.php(47): require_once('FCPATH\\index.php')
CRITICAL - 2023-12-12 06:15:51 --> Trying to access array offset on value of type null
in APPPATH\Views\customer\reserve.php on line 443.
 1 APPPATH\Views\customer\reserve.php(443): CodeIgniter\Debug\Exceptions->errorHandler(2, 'Trying to access array offset on value of type null', 'APPPATH\\Views\\customer\\reserve.php', 443)
 2 SYSTEMPATH\View\View.php(213): include('APPPATH\\Views\\customer\\reserve.php')
 3 SYSTEMPATH\View\View.php(216): CodeIgniter\View\View->CodeIgniter\View\{closure}()
 4 SYSTEMPATH\Common.php(1177): CodeIgniter\View\View->render('customer/reserve', [], true)
 5 APPPATH\Controllers\Customer.php(558): view('customer/reserve', [...])
 6 SYSTEMPATH\CodeIgniter.php(934): App\Controllers\Customer->reserve('vendors', 'FCPATH\\Images', 'photo3.jpg')
 7 SYSTEMPATH\CodeIgniter.php(499): CodeIgniter\CodeIgniter->runController(Object(App\Controllers\Customer))
 8 SYSTEMPATH\CodeIgniter.php(368): CodeIgniter\CodeIgniter->handleRequest(null, Object(Config\Cache), false)
 9 FCPATH\index.php(67): CodeIgniter\CodeIgniter->run()
10 SYSTEMPATH\Commands\Server\rewrite.php(47): require_once('FCPATH\\index.php')
CRITICAL - 2023-12-12 06:15:51 --> Trying to access array offset on value of type null
in APPPATH\Views\customer\reserve.php on line 443.
 1 APPPATH\Views\customer\reserve.php(443): CodeIgniter\Debug\Exceptions->errorHandler(2, 'Trying to access array offset on value of type null', 'APPPATH\\Views\\customer\\reserve.php', 443)
 2 SYSTEMPATH\View\View.php(213): include('APPPATH\\Views\\customer\\reserve.php')
 3 SYSTEMPATH\View\View.php(216): CodeIgniter\View\View->CodeIgniter\View\{closure}()
 4 SYSTEMPATH\Common.php(1177): CodeIgniter\View\View->render('customer/reserve', [], true)
 5 APPPATH\Controllers\Customer.php(558): view('customer/reserve', [...])
 6 SYSTEMPATH\CodeIgniter.php(934): App\Controllers\Customer->reserve('vendors', 'FCPATH\\Images', 'github.svg')
 7 SYSTEMPATH\CodeIgniter.php(499): CodeIgniter\CodeIgniter->runController(Object(App\Controllers\Customer))
 8 SYSTEMPATH\CodeIgniter.php(368): CodeIgniter\CodeIgniter->handleRequest(null, Object(Config\Cache), false)
 9 FCPATH\index.php(67): CodeIgniter\CodeIgniter->run()
10 SYSTEMPATH\Commands\Server\rewrite.php(47): require_once('FCPATH\\index.php')
CRITICAL - 2023-12-12 06:15:51 --> Trying to access array offset on value of type null
in APPPATH\Views\customer\reserve.php on line 443.
 1 APPPATH\Views\customer\reserve.php(443): CodeIgniter\Debug\Exceptions->errorHandler(2, 'Trying to access array offset on value of type null', 'APPPATH\\Views\\customer\\reserve.php', 443)
 2 SYSTEMPATH\View\View.php(213): include('APPPATH\\Views\\customer\\reserve.php')
 3 SYSTEMPATH\View\View.php(216): CodeIgniter\View\View->CodeIgniter\View\{closure}()
 4 SYSTEMPATH\Common.php(1177): CodeIgniter\View\View->render('customer/reserve', [], true)
 5 APPPATH\Controllers\Customer.php(558): view('customer/reserve', [...])
 6 SYSTEMPATH\CodeIgniter.php(934): App\Controllers\Customer->reserve('vendors', 'FCPATH\\Images', 'photo4.jpg')
 7 SYSTEMPATH\CodeIgniter.php(499): CodeIgniter\CodeIgniter->runController(Object(App\Controllers\Customer))
 8 SYSTEMPATH\CodeIgniter.php(368): CodeIgniter\CodeIgniter->handleRequest(null, Object(Config\Cache), false)
 9 FCPATH\index.php(67): CodeIgniter\CodeIgniter->run()
10 SYSTEMPATH\Commands\Server\rewrite.php(47): require_once('FCPATH\\index.php')
CRITICAL - 2023-12-12 06:16:46 --> Undefined variable $pets
in APPPATH\Views\customer\book.php on line 495.
 1 APPPATH\Views\customer\book.php(495): CodeIgniter\Debug\Exceptions->errorHandler(2, 'Undefined variable $pets', 'APPPATH\\Views\\customer\\book.php', 495)
 2 SYSTEMPATH\View\View.php(213): include('APPPATH\\Views\\customer\\book.php')
 3 SYSTEMPATH\View\View.php(216): CodeIgniter\View\View->CodeIgniter\View\{closure}()
 4 SYSTEMPATH\Common.php(1177): CodeIgniter\View\View->render('customer/book', [], true)
 5 APPPATH\Controllers\Customer.php(587): view('customer/book')
 6 SYSTEMPATH\CodeIgniter.php(934): App\Controllers\Customer->saveReservation()
 7 SYSTEMPATH\CodeIgniter.php(499): CodeIgniter\CodeIgniter->runController(Object(App\Controllers\Customer))
 8 SYSTEMPATH\CodeIgniter.php(368): CodeIgniter\CodeIgniter->handleRequest(null, Object(Config\Cache), false)
 9 FCPATH\index.php(67): CodeIgniter\CodeIgniter->run()
10 SYSTEMPATH\Commands\Server\rewrite.php(47): require_once('FCPATH\\index.php')
INFO - 2023-12-12 06:17:10 --> Session: Class initialized using 'CodeIgniter\Session\Handlers\FileHandler' driver.
CRITICAL - 2023-12-12 06:17:10 --> Undefined variable $pets
in APPPATH\Views\customer\book.php on line 495.
 1 APPPATH\Views\customer\book.php(495): CodeIgniter\Debug\Exceptions->errorHandler(2, 'Undefined variable $pets', 'APPPATH\\Views\\customer\\book.php', 495)
 2 SYSTEMPATH\View\View.php(213): include('APPPATH\\Views\\customer\\book.php')
 3 SYSTEMPATH\View\View.php(216): CodeIgniter\View\View->CodeIgniter\View\{closure}()
 4 SYSTEMPATH\Common.php(1177): CodeIgniter\View\View->render('customer/book', [], true)
 5 APPPATH\Controllers\Customer.php(587): view('customer/book')
 6 SYSTEMPATH\CodeIgniter.php(934): App\Controllers\Customer->saveReservation()
 7 SYSTEMPATH\CodeIgniter.php(499): CodeIgniter\CodeIgniter->runController(Object(App\Controllers\Customer))
 8 SYSTEMPATH\CodeIgniter.php(368): CodeIgniter\CodeIgniter->handleRequest(null, Object(Config\Cache), false)
 9 FCPATH\index.php(67): CodeIgniter\CodeIgniter->run()
10 SYSTEMPATH\Commands\Server\rewrite.php(47): require_once('FCPATH\\index.php')
INFO - 2023-12-12 06:18:53 --> Session: Class initialized using 'CodeIgniter\Session\Handlers\FileHandler' driver.
CRITICAL - 2023-12-12 06:18:53 --> Undefined variable $pets
in APPPATH\Views\customer\book.php on line 495.
 1 APPPATH\Views\customer\book.php(495): CodeIgniter\Debug\Exceptions->errorHandler(2, 'Undefined variable $pets', 'APPPATH\\Views\\customer\\book.php', 495)
 2 SYSTEMPATH\View\View.php(213): include('APPPATH\\Views\\customer\\book.php')
 3 SYSTEMPATH\View\View.php(216): CodeIgniter\View\View->CodeIgniter\View\{closure}()
 4 SYSTEMPATH\Common.php(1177): CodeIgniter\View\View->render('customer/book', [], true)
 5 APPPATH\Controllers\Customer.php(587): view('customer/book')
 6 SYSTEMPATH\CodeIgniter.php(934): App\Controllers\Customer->saveReservation()
 7 SYSTEMPATH\CodeIgniter.php(499): CodeIgniter\CodeIgniter->runController(Object(App\Controllers\Customer))
 8 SYSTEMPATH\CodeIgniter.php(368): CodeIgniter\CodeIgniter->handleRequest(null, Object(Config\Cache), false)
 9 FCPATH\index.php(67): CodeIgniter\CodeIgniter->run()
10 SYSTEMPATH\Commands\Server\rewrite.php(47): require_once('FCPATH\\index.php')
INFO - 2023-12-12 06:19:28 --> Session: Class initialized using 'CodeIgniter\Session\Handlers\FileHandler' driver.
INFO - 2023-12-12 06:19:59 --> Session: Class initialized using 'CodeIgniter\Session\Handlers\FileHandler' driver.
CRITICAL - 2023-12-12 06:19:59 --> Undefined variable $pets
in APPPATH\Views\customer\book.php on line 495.
 1 APPPATH\Views\customer\book.php(495): CodeIgniter\Debug\Exceptions->errorHandler(2, 'Undefined variable $pets', 'APPPATH\\Views\\customer\\book.php', 495)
 2 SYSTEMPATH\View\View.php(213): include('APPPATH\\Views\\customer\\book.php')
 3 SYSTEMPATH\View\View.php(216): CodeIgniter\View\View->CodeIgniter\View\{closure}()
 4 SYSTEMPATH\Common.php(1177): CodeIgniter\View\View->render('customer/book', [], true)
 5 APPPATH\Controllers\Customer.php(587): view('customer/book')
 6 SYSTEMPATH\CodeIgniter.php(934): App\Controllers\Customer->saveReservation()
 7 SYSTEMPATH\CodeIgniter.php(499): CodeIgniter\CodeIgniter->runController(Object(App\Controllers\Customer))
 8 SYSTEMPATH\CodeIgniter.php(368): CodeIgniter\CodeIgniter->handleRequest(null, Object(Config\Cache), false)
 9 FCPATH\index.php(67): CodeIgniter\CodeIgniter->run()
10 SYSTEMPATH\Commands\Server\rewrite.php(47): require_once('FCPATH\\index.php')
INFO - 2023-12-12 06:21:15 --> Session: Class initialized using 'CodeIgniter\Session\Handlers\FileHandler' driver.
INFO - 2023-12-12 06:22:29 --> Session: Class initialized using 'CodeIgniter\Session\Handlers\FileHandler' driver.
INFO - 2023-12-12 06:22:48 --> Session: Class initialized using 'CodeIgniter\Session\Handlers\FileHandler' driver.
INFO - 2023-12-12 06:22:55 --> Session: Class initialized using 'CodeIgniter\Session\Handlers\FileHandler' driver.
INFO - 2023-12-12 06:22:56 --> Session: Class initialized using 'CodeIgniter\Session\Handlers\FileHandler' driver.
INFO - 2023-12-12 06:23:38 --> Session: Class initialized using 'CodeIgniter\Session\Handlers\FileHandler' driver.
INFO - 2023-12-12 06:27:16 --> Session: Class initialized using 'CodeIgniter\Session\Handlers\FileHandler' driver.
INFO - 2023-12-12 06:27:51 --> Session: Class initialized using 'CodeIgniter\Session\Handlers\FileHandler' driver.
INFO - 2023-12-12 06:29:28 --> Session: Class initialized using 'CodeIgniter\Session\Handlers\FileHandler' driver.
INFO - 2023-12-12 06:30:47 --> Session: Class initialized using 'CodeIgniter\Session\Handlers\FileHandler' driver.
INFO - 2023-12-12 06:31:20 --> Session: Class initialized using 'CodeIgniter\Session\Handlers\FileHandler' driver.
CRITICAL - 2023-12-12 06:31:20 --> Attempt to read property "servicesID" on array
in APPPATH\Views\customer\book.php on line 494.
 1 APPPATH\Views\customer\book.php(494): CodeIgniter\Debug\Exceptions->errorHandler(2, 'Attempt to read property "servicesID" on array', 'APPPATH\\Views\\customer\\book.php', 494)
 2 SYSTEMPATH\View\View.php(213): include('APPPATH\\Views\\customer\\book.php')
 3 SYSTEMPATH\View\View.php(216): CodeIgniter\View\View->CodeIgniter\View\{closure}()
 4 SYSTEMPATH\Common.php(1177): CodeIgniter\View\View->render('customer/book', [], true)
 5 APPPATH\Controllers\Customer.php(570): view('customer/book', [...])
 6 SYSTEMPATH\CodeIgniter.php(934): App\Controllers\Customer->book()
 7 SYSTEMPATH\CodeIgniter.php(499): CodeIgniter\CodeIgniter->runController(Object(App\Controllers\Customer))
 8 SYSTEMPATH\CodeIgniter.php(368): CodeIgniter\CodeIgniter->handleRequest(null, Object(Config\Cache), false)
 9 FCPATH\index.php(67): CodeIgniter\CodeIgniter->run()
10 SYSTEMPATH\Commands\Server\rewrite.php(47): require_once('FCPATH\\index.php')
INFO - 2023-12-12 06:31:32 --> Session: Class initialized using 'CodeIgniter\Session\Handlers\FileHandler' driver.
INFO - 2023-12-12 06:33:51 --> Session: Class initialized using 'CodeIgniter\Session\Handlers\FileHandler' driver.
INFO - 2023-12-12 06:34:35 --> Session: Class initialized using 'CodeIgniter\Session\Handlers\FileHandler' driver.
INFO - 2023-12-12 06:36:14 --> Session: Class initialized using 'CodeIgniter\Session\Handlers\FileHandler' driver.
INFO - 2023-12-12 06:37:05 --> Session: Class initialized using 'CodeIgniter\Session\Handlers\FileHandler' driver.
INFO - 2023-12-12 06:37:43 --> Session: Class initialized using 'CodeIgniter\Session\Handlers\FileHandler' driver.
INFO - 2023-12-12 06:38:35 --> Session: Class initialized using 'CodeIgniter\Session\Handlers\FileHandler' driver.
INFO - 2023-12-12 06:45:11 --> Session: Class initialized using 'CodeIgniter\Session\Handlers\FileHandler' driver.
INFO - 2023-12-12 06:47:01 --> Session: Class initialized using 'CodeIgniter\Session\Handlers\FileHandler' driver.
INFO - 2023-12-12 06:47:12 --> Session: Class initialized using 'CodeIgniter\Session\Handlers\FileHandler' driver.
INFO - 2023-12-12 06:47:36 --> Session: Class initialized using 'CodeIgniter\Session\Handlers\FileHandler' driver.
INFO - 2023-12-12 06:47:36 --> Session: Class initialized using 'CodeIgniter\Session\Handlers\FileHandler' driver.
INFO - 2023-12-12 06:48:42 --> Session: Class initialized using 'CodeIgniter\Session\Handlers\FileHandler' driver.
INFO - 2023-12-12 06:48:42 --> Session: Class initialized using 'CodeIgniter\Session\Handlers\FileHandler' driver.
INFO - 2023-12-12 06:48:46 --> Session: Class initialized using 'CodeIgniter\Session\Handlers\FileHandler' driver.
INFO - 2023-12-12 06:48:51 --> Session: Class initialized using 'CodeIgniter\Session\Handlers\FileHandler' driver.
INFO - 2023-12-12 06:49:30 --> Session: Class initialized using 'CodeIgniter\Session\Handlers\FileHandler' driver.
INFO - 2023-12-12 06:50:25 --> Session: Class initialized using 'CodeIgniter\Session\Handlers\FileHandler' driver.
INFO - 2023-12-12 06:50:47 --> Session: Class initialized using 'CodeIgniter\Session\Handlers\FileHandler' driver.
INFO - 2023-12-12 06:51:08 --> Session: Class initialized using 'CodeIgniter\Session\Handlers\FileHandler' driver.
INFO - 2023-12-12 06:51:13 --> Session: Class initialized using 'CodeIgniter\Session\Handlers\FileHandler' driver.
INFO - 2023-12-12 06:51:16 --> Session: Class initialized using 'CodeIgniter\Session\Handlers\FileHandler' driver.
INFO - 2023-12-12 06:51:44 --> Session: Class initialized using 'CodeIgniter\Session\Handlers\FileHandler' driver.
INFO - 2023-12-12 06:51:49 --> Session: Class initialized using 'CodeIgniter\Session\Handlers\FileHandler' driver.
INFO - 2023-12-12 06:51:50 --> Session: Class initialized using 'CodeIgniter\Session\Handlers\FileHandler' driver.
INFO - 2023-12-12 06:51:59 --> Session: Class initialized using 'CodeIgniter\Session\Handlers\FileHandler' driver.
WARNING - 2023-12-12 06:51:59 --> [DEPRECATED] Creation of dynamic property CodeIgniter\View\View::$db is deprecated in APPPATH\Views\admin\reservations.php on line 437.
 1 SYSTEMPATH\View\View.php(213): include('APPPATH\\Views\\admin\\reservations.php')
 2 SYSTEMPATH\View\View.php(216): CodeIgniter\View\View->CodeIgniter\View\{closure}()
 3 SYSTEMPATH\Common.php(1177): CodeIgniter\View\View->render('admin/reservations', [], true)
 4 APPPATH\Controllers\Home.php(683): view('admin/reservations')
 5 SYSTEMPATH\CodeIgniter.php(934): App\Controllers\Home->Reservations()
 6 SYSTEMPATH\CodeIgniter.php(499): CodeIgniter\CodeIgniter->runController(Object(App\Controllers\Home))
 7 SYSTEMPATH\CodeIgniter.php(368): CodeIgniter\CodeIgniter->handleRequest(null, Object(Config\Cache), false)
 8 FCPATH\index.php(67): CodeIgniter\CodeIgniter->run()
 9 SYSTEMPATH\Commands\Server\rewrite.php(47): require_once('FCPATH\\index.php')
INFO - 2023-12-12 06:52:07 --> Session: Class initialized using 'CodeIgniter\Session\Handlers\FileHandler' driver.
INFO - 2023-12-12 06:52:12 --> Session: Class initialized using 'CodeIgniter\Session\Handlers\FileHandler' driver.
INFO - 2023-12-12 06:52:15 --> Session: Class initialized using 'CodeIgniter\Session\Handlers\FileHandler' driver.
INFO - 2023-12-12 06:59:12 --> Session: Class initialized using 'CodeIgniter\Session\Handlers\FileHandler' driver.
INFO - 2023-12-12 06:59:17 --> Session: Class initialized using 'CodeIgniter\Session\Handlers\FileHandler' driver.
INFO - 2023-12-12 06:59:34 --> Session: Class initialized using 'CodeIgniter\Session\Handlers\FileHandler' driver.
INFO - 2023-12-12 06:59:42 --> Session: Class initialized using 'CodeIgniter\Session\Handlers\FileHandler' driver.
WARNING - 2023-12-12 06:59:42 --> [DEPRECATED] Creation of dynamic property CodeIgniter\View\View::$db is deprecated in APPPATH\Views\admin\reservations.php on line 437.
 1 SYSTEMPATH\View\View.php(213): include('APPPATH\\Views\\admin\\reservations.php')
 2 SYSTEMPATH\View\View.php(216): CodeIgniter\View\View->CodeIgniter\View\{closure}()
 3 SYSTEMPATH\Common.php(1177): CodeIgniter\View\View->render('admin/reservations', [], true)
 4 APPPATH\Controllers\Home.php(683): view('admin/reservations')
 5 SYSTEMPATH\CodeIgniter.php(934): App\Controllers\Home->Reservations()
 6 SYSTEMPATH\CodeIgniter.php(499): CodeIgniter\CodeIgniter->runController(Object(App\Controllers\Home))
 7 SYSTEMPATH\CodeIgniter.php(368): CodeIgniter\CodeIgniter->handleRequest(null, Object(Config\Cache), false)
 8 FCPATH\index.php(67): CodeIgniter\CodeIgniter->run()
 9 SYSTEMPATH\Commands\Server\rewrite.php(47): require_once('FCPATH\\index.php')
INFO - 2023-12-12 06:59:53 --> Session: Class initialized using 'CodeIgniter\Session\Handlers\FileHandler' driver.
INFO - 2023-12-12 07:01:33 --> Session: Class initialized using 'CodeIgniter\Session\Handlers\FileHandler' driver.
INFO - 2023-12-12 07:01:35 --> Session: Class initialized using 'CodeIgniter\Session\Handlers\FileHandler' driver.
INFO - 2023-12-12 07:01:38 --> Session: Class initialized using 'CodeIgniter\Session\Handlers\FileHandler' driver.
INFO - 2023-12-12 07:01:48 --> Session: Class initialized using 'CodeIgniter\Session\Handlers\FileHandler' driver.
CRITICAL - 2023-12-12 07:01:48 --> count(): Argument #1 ($value) must be of type Countable|array, null given
in APPPATH\Controllers\Customer.php on line 581.
 1 APPPATH\Controllers\Customer.php(581): count(null)
 2 SYSTEMPATH\CodeIgniter.php(934): App\Controllers\Customer->saveReservation()
 3 SYSTEMPATH\CodeIgniter.php(499): CodeIgniter\CodeIgniter->runController(Object(App\Controllers\Customer))
 4 SYSTEMPATH\CodeIgniter.php(368): CodeIgniter\CodeIgniter->handleRequest(null, Object(Config\Cache), false)
 5 FCPATH\index.php(67): CodeIgniter\CodeIgniter->run()
 6 SYSTEMPATH\Commands\Server\rewrite.php(47): require_once('FCPATH\\index.php')
INFO - 2023-12-12 07:01:52 --> Session: Class initialized using 'CodeIgniter\Session\Handlers\FileHandler' driver.
INFO - 2023-12-12 07:02:21 --> Session: Class initialized using 'CodeIgniter\Session\Handlers\FileHandler' driver.
INFO - 2023-12-12 07:02:21 --> Session: Class initialized using 'CodeIgniter\Session\Handlers\FileHandler' driver.
INFO - 2023-12-12 07:02:23 --> Session: Class initialized using 'CodeIgniter\Session\Handlers\FileHandler' driver.
INFO - 2023-12-12 07:02:39 --> Session: Class initialized using 'CodeIgniter\Session\Handlers\FileHandler' driver.
CRITICAL - 2023-12-12 07:02:39 --> count(): Argument #1 ($value) must be of type Countable|array, null given
in APPPATH\Controllers\Customer.php on line 581.
 1 APPPATH\Controllers\Customer.php(581): count(null)
 2 SYSTEMPATH\CodeIgniter.php(934): App\Controllers\Customer->saveReservation()
 3 SYSTEMPATH\CodeIgniter.php(499): CodeIgniter\CodeIgniter->runController(Object(App\Controllers\Customer))
 4 SYSTEMPATH\CodeIgniter.php(368): CodeIgniter\CodeIgniter->handleRequest(null, Object(Config\Cache), false)
 5 FCPATH\index.php(67): CodeIgniter\CodeIgniter->run()
 6 SYSTEMPATH\Commands\Server\rewrite.php(47): require_once('FCPATH\\index.php')
INFO - 2023-12-12 07:02:43 --> Session: Class initialized using 'CodeIgniter\Session\Handlers\FileHandler' driver.
INFO - 2023-12-12 07:04:38 --> Session: Class initialized using 'CodeIgniter\Session\Handlers\FileHandler' driver.
INFO - 2023-12-12 07:04:45 --> Session: Class initialized using 'CodeIgniter\Session\Handlers\FileHandler' driver.
INFO - 2023-12-12 07:04:48 --> Session: Class initialized using 'CodeIgniter\Session\Handlers\FileHandler' driver.
CRITICAL - 2023-12-12 07:04:48 --> count(): Argument #1 ($value) must be of type Countable|array, null given
in APPPATH\Controllers\Customer.php on line 581.
 1 APPPATH\Controllers\Customer.php(581): count(null)
 2 SYSTEMPATH\CodeIgniter.php(934): App\Controllers\Customer->saveReservation()
 3 SYSTEMPATH\CodeIgniter.php(499): CodeIgniter\CodeIgniter->runController(Object(App\Controllers\Customer))
 4 SYSTEMPATH\CodeIgniter.php(368): CodeIgniter\CodeIgniter->handleRequest(null, Object(Config\Cache), false)
 5 FCPATH\index.php(67): CodeIgniter\CodeIgniter->run()
 6 SYSTEMPATH\Commands\Server\rewrite.php(47): require_once('FCPATH\\index.php')
INFO - 2023-12-12 07:05:10 --> Session: Class initialized using 'CodeIgniter\Session\Handlers\FileHandler' driver.
INFO - 2023-12-12 07:05:12 --> Session: Class initialized using 'CodeIgniter\Session\Handlers\FileHandler' driver.
INFO - 2023-12-12 07:05:14 --> Session: Class initialized using 'CodeIgniter\Session\Handlers\FileHandler' driver.
CRITICAL - 2023-12-12 07:05:14 --> count(): Argument #1 ($value) must be of type Countable|array, null given
in APPPATH\Controllers\Customer.php on line 581.
 1 APPPATH\Controllers\Customer.php(581): count(null)
 2 SYSTEMPATH\CodeIgniter.php(934): App\Controllers\Customer->saveReservation()
 3 SYSTEMPATH\CodeIgniter.php(499): CodeIgniter\CodeIgniter->runController(Object(App\Controllers\Customer))
 4 SYSTEMPATH\CodeIgniter.php(368): CodeIgniter\CodeIgniter->handleRequest(null, Object(Config\Cache), false)
 5 FCPATH\index.php(67): CodeIgniter\CodeIgniter->run()
 6 SYSTEMPATH\Commands\Server\rewrite.php(47): require_once('FCPATH\\index.php')
INFO - 2023-12-12 07:05:29 --> Session: Class initialized using 'CodeIgniter\Session\Handlers\FileHandler' driver.
CRITICAL - 2023-12-12 07:05:29 --> count(): Argument #1 ($value) must be of type Countable|array, null given
in APPPATH\Controllers\Customer.php on line 581.
 1 APPPATH\Controllers\Customer.php(581): count(null)
 2 SYSTEMPATH\CodeIgniter.php(934): App\Controllers\Customer->saveReservation()
 3 SYSTEMPATH\CodeIgniter.php(499): CodeIgniter\CodeIgniter->runController(Object(App\Controllers\Customer))
 4 SYSTEMPATH\CodeIgniter.php(368): CodeIgniter\CodeIgniter->handleRequest(null, Object(Config\Cache), false)
 5 FCPATH\index.php(67): CodeIgniter\CodeIgniter->run()
 6 SYSTEMPATH\Commands\Server\rewrite.php(47): require_once('FCPATH\\index.php')
INFO - 2023-12-12 07:05:40 --> Session: Class initialized using 'CodeIgniter\Session\Handlers\FileHandler' driver.
INFO - 2023-12-12 07:05:43 --> Session: Class initialized using 'CodeIgniter\Session\Handlers\FileHandler' driver.
CRITICAL - 2023-12-12 07:05:43 --> count(): Argument #1 ($value) must be of type Countable|array, null given
in APPPATH\Controllers\Customer.php on line 581.
 1 APPPATH\Controllers\Customer.php(581): count(null)
 2 SYSTEMPATH\CodeIgniter.php(934): App\Controllers\Customer->saveReservation()
 3 SYSTEMPATH\CodeIgniter.php(499): CodeIgniter\CodeIgniter->runController(Object(App\Controllers\Customer))
 4 SYSTEMPATH\CodeIgniter.php(368): CodeIgniter\CodeIgniter->handleRequest(null, Object(Config\Cache), false)
 5 FCPATH\index.php(67): CodeIgniter\CodeIgniter->run()
 6 SYSTEMPATH\Commands\Server\rewrite.php(47): require_once('FCPATH\\index.php')
INFO - 2023-12-12 07:06:03 --> Session: Class initialized using 'CodeIgniter\Session\Handlers\FileHandler' driver.
INFO - 2023-12-12 07:06:22 --> Session: Class initialized using 'CodeIgniter\Session\Handlers\FileHandler' driver.
INFO - 2023-12-12 07:06:23 --> Session: Class initialized using 'CodeIgniter\Session\Handlers\FileHandler' driver.
CRITICAL - 2023-12-12 07:06:23 --> count(): Argument #1 ($value) must be of type Countable|array, null given
in APPPATH\Controllers\Customer.php on line 581.
 1 APPPATH\Controllers\Customer.php(581): count(null)
 2 SYSTEMPATH\CodeIgniter.php(934): App\Controllers\Customer->saveReservation()
 3 SYSTEMPATH\CodeIgniter.php(499): CodeIgniter\CodeIgniter->runController(Object(App\Controllers\Customer))
 4 SYSTEMPATH\CodeIgniter.php(368): CodeIgniter\CodeIgniter->handleRequest(null, Object(Config\Cache), false)
 5 FCPATH\index.php(67): CodeIgniter\CodeIgniter->run()
 6 SYSTEMPATH\Commands\Server\rewrite.php(47): require_once('FCPATH\\index.php')
INFO - 2023-12-12 07:06:52 --> Session: Class initialized using 'CodeIgniter\Session\Handlers\FileHandler' driver.
INFO - 2023-12-12 07:06:55 --> Session: Class initialized using 'CodeIgniter\Session\Handlers\FileHandler' driver.
CRITICAL - 2023-12-12 07:06:55 --> count(): Argument #1 ($value) must be of type Countable|array, null given
in APPPATH\Controllers\Customer.php on line 581.
 1 APPPATH\Controllers\Customer.php(581): count(null)
 2 SYSTEMPATH\CodeIgniter.php(934): App\Controllers\Customer->saveReservation()
 3 SYSTEMPATH\CodeIgniter.php(499): CodeIgniter\CodeIgniter->runController(Object(App\Controllers\Customer))
 4 SYSTEMPATH\CodeIgniter.php(368): CodeIgniter\CodeIgniter->handleRequest(null, Object(Config\Cache), false)
 5 FCPATH\index.php(67): CodeIgniter\CodeIgniter->run()
 6 SYSTEMPATH\Commands\Server\rewrite.php(47): require_once('FCPATH\\index.php')
INFO - 2023-12-12 07:07:17 --> Session: Class initialized using 'CodeIgniter\Session\Handlers\FileHandler' driver.
INFO - 2023-12-12 07:11:24 --> Session: Class initialized using 'CodeIgniter\Session\Handlers\FileHandler' driver.
INFO - 2023-12-12 07:11:25 --> Session: Class initialized using 'CodeIgniter\Session\Handlers\FileHandler' driver.
CRITICAL - 2023-12-12 07:11:25 --> count(): Argument #1 ($value) must be of type Countable|array, null given
in APPPATH\Controllers\Customer.php on line 581.
 1 APPPATH\Controllers\Customer.php(581): count(null)
 2 SYSTEMPATH\CodeIgniter.php(934): App\Controllers\Customer->saveReservation()
 3 SYSTEMPATH\CodeIgniter.php(499): CodeIgniter\CodeIgniter->runController(Object(App\Controllers\Customer))
 4 SYSTEMPATH\CodeIgniter.php(368): CodeIgniter\CodeIgniter->handleRequest(null, Object(Config\Cache), false)
 5 FCPATH\index.php(67): CodeIgniter\CodeIgniter->run()
 6 SYSTEMPATH\Commands\Server\rewrite.php(47): require_once('FCPATH\\index.php')
INFO - 2023-12-12 07:12:17 --> Session: Class initialized using 'CodeIgniter\Session\Handlers\FileHandler' driver.
CRITICAL - 2023-12-12 07:12:17 --> count(): Argument #1 ($value) must be of type Countable|array, null given
in APPPATH\Controllers\Customer.php on line 581.
 1 APPPATH\Controllers\Customer.php(581): count(null)
 2 SYSTEMPATH\CodeIgniter.php(934): App\Controllers\Customer->saveReservation()
 3 SYSTEMPATH\CodeIgniter.php(499): CodeIgniter\CodeIgniter->runController(Object(App\Controllers\Customer))
 4 SYSTEMPATH\CodeIgniter.php(368): CodeIgniter\CodeIgniter->handleRequest(null, Object(Config\Cache), false)
 5 FCPATH\index.php(67): CodeIgniter\CodeIgniter->run()
 6 SYSTEMPATH\Commands\Server\rewrite.php(47): require_once('FCPATH\\index.php')
INFO - 2023-12-12 07:12:46 --> Session: Class initialized using 'CodeIgniter\Session\Handlers\FileHandler' driver.
CRITICAL - 2023-12-12 07:12:46 --> count(): Argument #1 ($value) must be of type Countable|array, null given
in APPPATH\Controllers\Customer.php on line 581.
 1 APPPATH\Controllers\Customer.php(581): count(null)
 2 SYSTEMPATH\CodeIgniter.php(934): App\Controllers\Customer->saveReservation()
 3 SYSTEMPATH\CodeIgniter.php(499): CodeIgniter\CodeIgniter->runController(Object(App\Controllers\Customer))
 4 SYSTEMPATH\CodeIgniter.php(368): CodeIgniter\CodeIgniter->handleRequest(null, Object(Config\Cache), false)
 5 FCPATH\index.php(67): CodeIgniter\CodeIgniter->run()
 6 SYSTEMPATH\Commands\Server\rewrite.php(47): require_once('FCPATH\\index.php')
INFO - 2023-12-12 07:14:14 --> Session: Class initialized using 'CodeIgniter\Session\Handlers\FileHandler' driver.
CRITICAL - 2023-12-12 07:14:14 --> count(): Argument #1 ($value) must be of type Countable|array, null given
in APPPATH\Controllers\Customer.php on line 581.
 1 APPPATH\Controllers\Customer.php(581): count(null)
 2 SYSTEMPATH\CodeIgniter.php(934): App\Controllers\Customer->saveReservation()
 3 SYSTEMPATH\CodeIgniter.php(499): CodeIgniter\CodeIgniter->runController(Object(App\Controllers\Customer))
 4 SYSTEMPATH\CodeIgniter.php(368): CodeIgniter\CodeIgniter->handleRequest(null, Object(Config\Cache), false)
 5 FCPATH\index.php(67): CodeIgniter\CodeIgniter->run()
 6 SYSTEMPATH\Commands\Server\rewrite.php(47): require_once('FCPATH\\index.php')
INFO - 2023-12-12 07:14:37 --> Session: Class initialized using 'CodeIgniter\Session\Handlers\FileHandler' driver.
INFO - 2023-12-12 07:18:45 --> Session: Class initialized using 'CodeIgniter\Session\Handlers\FileHandler' driver.
INFO - 2023-12-12 07:23:32 --> Session: Class initialized using 'CodeIgniter\Session\Handlers\FileHandler' driver.
CRITICAL - 2023-12-12 07:23:32 --> Undefined property: mysqli::$Date
in APPPATH\Views\admin\view.php on line 413.
 1 APPPATH\Views\admin\view.php(413): CodeIgniter\Debug\Exceptions->errorHandler(2, 'Undefined property: mysqli::$Date', 'APPPATH\\Views\\admin\\view.php', 413)
 2 SYSTEMPATH\View\View.php(213): include('APPPATH\\Views\\admin\\view.php')
 3 SYSTEMPATH\View\View.php(216): CodeIgniter\View\View->CodeIgniter\View\{closure}()
 4 SYSTEMPATH\Common.php(1177): CodeIgniter\View\View->render('admin/view', [], true)
 5 APPPATH\Controllers\Home.php(692): view('admin/view', [...])
 6 SYSTEMPATH\CodeIgniter.php(934): App\Controllers\Home->viewReservation()
 7 SYSTEMPATH\CodeIgniter.php(499): CodeIgniter\CodeIgniter->runController(Object(App\Controllers\Home))
 8 SYSTEMPATH\CodeIgniter.php(368): CodeIgniter\CodeIgniter->handleRequest(null, Object(Config\Cache), false)
 9 FCPATH\index.php(67): CodeIgniter\CodeIgniter->run()
10 SYSTEMPATH\Commands\Server\rewrite.php(47): require_once('FCPATH\\index.php')
INFO - 2023-12-12 07:24:07 --> Session: Class initialized using 'CodeIgniter\Session\Handlers\FileHandler' driver.
INFO - 2023-12-12 07:25:45 --> Session: Class initialized using 'CodeIgniter\Session\Handlers\FileHandler' driver.
INFO - 2023-12-12 07:28:13 --> Session: Class initialized using 'CodeIgniter\Session\Handlers\FileHandler' driver.
CRITICAL - 2023-12-12 07:28:13 --> Undefined property: stdClass::$Charge
in APPPATH\Views\admin\view.php on line 417.
 1 APPPATH\Views\admin\view.php(417): CodeIgniter\Debug\Exceptions->errorHandler(2, 'Undefined property: stdClass::$Charge', 'APPPATH\\Views\\admin\\view.php', 417)
 2 SYSTEMPATH\View\View.php(213): include('APPPATH\\Views\\admin\\view.php')
 3 SYSTEMPATH\View\View.php(216): CodeIgniter\View\View->CodeIgniter\View\{closure}()
 4 SYSTEMPATH\Common.php(1177): CodeIgniter\View\View->render('admin/view', [], true)
 5 APPPATH\Controllers\Home.php(692): view('admin/view', [...])
 6 SYSTEMPATH\CodeIgniter.php(934): App\Controllers\Home->viewReservation()
 7 SYSTEMPATH\CodeIgniter.php(499): CodeIgniter\CodeIgniter->runController(Object(App\Controllers\Home))
 8 SYSTEMPATH\CodeIgniter.php(368): CodeIgniter\CodeIgniter->handleRequest(null, Object(Config\Cache), false)
 9 FCPATH\index.php(67): CodeIgniter\CodeIgniter->run()
10 SYSTEMPATH\Commands\Server\rewrite.php(47): require_once('FCPATH\\index.php')
INFO - 2023-12-12 07:28:43 --> Session: Class initialized using 'CodeIgniter\Session\Handlers\FileHandler' driver.
INFO - 2023-12-12 07:29:29 --> Session: Class initialized using 'CodeIgniter\Session\Handlers\FileHandler' driver.
INFO - 2023-12-12 07:32:05 --> Session: Class initialized using 'CodeIgniter\Session\Handlers\FileHandler' driver.
