CRITICAL - 2023-12-10 01:44:49 --> Trying to access array offset on value of type null
in APPPATH\Views\customer\reserve.php on line 443.
 1 APPPATH\Views\customer\reserve.php(443): CodeIgniter\Debug\Exceptions->errorHandler(2, 'Trying to access array offset on value of type null', 'APPPATH\\Views\\customer\\reserve.php', 443)
 2 SYSTEMPATH\View\View.php(213): include('APPPATH\\Views\\customer\\reserve.php')
 3 SYSTEMPATH\View\View.php(216): CodeIgniter\View\View->CodeIgniter\View\{closure}()
 4 SYSTEMPATH\Common.php(1177): CodeIgniter\View\View->render('customer/reserve', [], true)
 5 APPPATH\Controllers\Customer.php(552): view('customer/reserve', [...])
 6 SYSTEMPATH\CodeIgniter.php(934): App\Controllers\Customer->reserve('vendors', 'FCPATH\\Images', 'img.jpg')
 7 SYSTEMPATH\CodeIgniter.php(499): CodeIgniter\CodeIgniter->runController(Object(App\Controllers\Customer))
 8 SYSTEMPATH\CodeIgniter.php(368): CodeIgniter\CodeIgniter->handleRequest(null, Object(Config\Cache), false)
 9 FCPATH\index.php(67): CodeIgniter\CodeIgniter->run()
10 SYSTEMPATH\Commands\Server\rewrite.php(47): require_once('FCPATH\\index.php')
CRITICAL - 2023-12-10 01:44:49 --> Trying to access array offset on value of type null
in APPPATH\Views\customer\reserve.php on line 443.
 1 APPPATH\Views\customer\reserve.php(443): CodeIgniter\Debug\Exceptions->errorHandler(2, 'Trying to access array offset on value of type null', 'APPPATH\\Views\\customer\\reserve.php', 443)
 2 SYSTEMPATH\View\View.php(213): include('APPPATH\\Views\\customer\\reserve.php')
 3 SYSTEMPATH\View\View.php(216): CodeIgniter\View\View->CodeIgniter\View\{closure}()
 4 SYSTEMPATH\Common.php(1177): CodeIgniter\View\View->render('customer/reserve', [], true)
 5 APPPATH\Controllers\Customer.php(552): view('customer/reserve', [...])
 6 SYSTEMPATH\CodeIgniter.php(934): App\Controllers\Customer->reserve('vendors', 'FCPATH\\Images', 'photo1.jpg')
 7 SYSTEMPATH\CodeIgniter.php(499): CodeIgniter\CodeIgniter->runController(Object(App\Controllers\Customer))
 8 SYSTEMPATH\CodeIgniter.php(368): CodeIgniter\CodeIgniter->handleRequest(null, Object(Config\Cache), false)
 9 FCPATH\index.php(67): CodeIgniter\CodeIgniter->run()
10 SYSTEMPATH\Commands\Server\rewrite.php(47): require_once('FCPATH\\index.php')
CRITICAL - 2023-12-10 01:44:49 --> Trying to access array offset on value of type null
in APPPATH\Views\customer\reserve.php on line 443.
 1 APPPATH\Views\customer\reserve.php(443): CodeIgniter\Debug\Exceptions->errorHandler(2, 'Trying to access array offset on value of type null', 'APPPATH\\Views\\customer\\reserve.php', 443)
 2 SYSTEMPATH\View\View.php(213): include('APPPATH\\Views\\customer\\reserve.php')
 3 SYSTEMPATH\View\View.php(216): CodeIgniter\View\View->CodeIgniter\View\{closure}()
 4 SYSTEMPATH\Common.php(1177): CodeIgniter\View\View->render('customer/reserve', [], true)
 5 APPPATH\Controllers\Customer.php(552): view('customer/reserve', [...])
 6 SYSTEMPATH\CodeIgniter.php(934): App\Controllers\Customer->reserve('vendors', 'FCPATH\\Images', 'photo2.jpg')
 7 SYSTEMPATH\CodeIgniter.php(499): CodeIgniter\CodeIgniter->runController(Object(App\Controllers\Customer))
 8 SYSTEMPATH\CodeIgniter.php(368): CodeIgniter\CodeIgniter->handleRequest(null, Object(Config\Cache), false)
 9 FCPATH\index.php(67): CodeIgniter\CodeIgniter->run()
10 SYSTEMPATH\Commands\Server\rewrite.php(47): require_once('FCPATH\\index.php')
CRITICAL - 2023-12-10 01:44:49 --> Trying to access array offset on value of type null
in APPPATH\Views\customer\reserve.php on line 443.
 1 APPPATH\Views\customer\reserve.php(443): CodeIgniter\Debug\Exceptions->errorHandler(2, 'Trying to access array offset on value of type null', 'APPPATH\\Views\\customer\\reserve.php', 443)
 2 SYSTEMPATH\View\View.php(213): include('APPPATH\\Views\\customer\\reserve.php')
 3 SYSTEMPATH\View\View.php(216): CodeIgniter\View\View->CodeIgniter\View\{closure}()
 4 SYSTEMPATH\Common.php(1177): CodeIgniter\View\View->render('customer/reserve', [], true)
 5 APPPATH\Controllers\Customer.php(552): view('customer/reserve', [...])
 6 SYSTEMPATH\CodeIgniter.php(934): App\Controllers\Customer->reserve('vendors', 'FCPATH\\Images', 'photo3.jpg')
 7 SYSTEMPATH\CodeIgniter.php(499): CodeIgniter\CodeIgniter->runController(Object(App\Controllers\Customer))
 8 SYSTEMPATH\CodeIgniter.php(368): CodeIgniter\CodeIgniter->handleRequest(null, Object(Config\Cache), false)
 9 FCPATH\index.php(67): CodeIgniter\CodeIgniter->run()
10 SYSTEMPATH\Commands\Server\rewrite.php(47): require_once('FCPATH\\index.php')
CRITICAL - 2023-12-10 01:44:49 --> Trying to access array offset on value of type null
in APPPATH\Views\customer\reserve.php on line 443.
 1 APPPATH\Views\customer\reserve.php(443): CodeIgniter\Debug\Exceptions->errorHandler(2, 'Trying to access array offset on value of type null', 'APPPATH\\Views\\customer\\reserve.php', 443)
 2 SYSTEMPATH\View\View.php(213): include('APPPATH\\Views\\customer\\reserve.php')
 3 SYSTEMPATH\View\View.php(216): CodeIgniter\View\View->CodeIgniter\View\{closure}()
 4 SYSTEMPATH\Common.php(1177): CodeIgniter\View\View->render('customer/reserve', [], true)
 5 APPPATH\Controllers\Customer.php(552): view('customer/reserve', [...])
 6 SYSTEMPATH\CodeIgniter.php(934): App\Controllers\Customer->reserve('vendors', 'FCPATH\\Images', 'github.svg')
 7 SYSTEMPATH\CodeIgniter.php(499): CodeIgniter\CodeIgniter->runController(Object(App\Controllers\Customer))
 8 SYSTEMPATH\CodeIgniter.php(368): CodeIgniter\CodeIgniter->handleRequest(null, Object(Config\Cache), false)
 9 FCPATH\index.php(67): CodeIgniter\CodeIgniter->run()
10 SYSTEMPATH\Commands\Server\rewrite.php(47): require_once('FCPATH\\index.php')
CRITICAL - 2023-12-10 01:44:50 --> Trying to access array offset on value of type null
in APPPATH\Views\customer\reserve.php on line 443.
 1 APPPATH\Views\customer\reserve.php(443): CodeIgniter\Debug\Exceptions->errorHandler(2, 'Trying to access array offset on value of type null', 'APPPATH\\Views\\customer\\reserve.php', 443)
 2 SYSTEMPATH\View\View.php(213): include('APPPATH\\Views\\customer\\reserve.php')
 3 SYSTEMPATH\View\View.php(216): CodeIgniter\View\View->CodeIgniter\View\{closure}()
 4 SYSTEMPATH\Common.php(1177): CodeIgniter\View\View->render('customer/reserve', [], true)
 5 APPPATH\Controllers\Customer.php(552): view('customer/reserve', [...])
 6 SYSTEMPATH\CodeIgniter.php(934): App\Controllers\Customer->reserve('vendors', 'FCPATH\\Images', 'photo4.jpg')
 7 SYSTEMPATH\CodeIgniter.php(499): CodeIgniter\CodeIgniter->runController(Object(App\Controllers\Customer))
 8 SYSTEMPATH\CodeIgniter.php(368): CodeIgniter\CodeIgniter->handleRequest(null, Object(Config\Cache), false)
 9 FCPATH\index.php(67): CodeIgniter\CodeIgniter->run()
10 SYSTEMPATH\Commands\Server\rewrite.php(47): require_once('FCPATH\\index.php')
CRITICAL - 2023-12-10 01:44:50 --> Trying to access array offset on value of type null
in APPPATH\Views\customer\reserve.php on line 443.
 1 APPPATH\Views\customer\reserve.php(443): CodeIgniter\Debug\Exceptions->errorHandler(2, 'Trying to access array offset on value of type null', 'APPPATH\\Views\\customer\\reserve.php', 443)
 2 SYSTEMPATH\View\View.php(213): include('APPPATH\\Views\\customer\\reserve.php')
 3 SYSTEMPATH\View\View.php(216): CodeIgniter\View\View->CodeIgniter\View\{closure}()
 4 SYSTEMPATH\Common.php(1177): CodeIgniter\View\View->render('customer/reserve', [], true)
 5 APPPATH\Controllers\Customer.php(552): view('customer/reserve', [...])
 6 SYSTEMPATH\CodeIgniter.php(934): App\Controllers\Customer->reserve('vendors', 'FCPATH\\Images', 'img.jpg')
 7 SYSTEMPATH\CodeIgniter.php(499): CodeIgniter\CodeIgniter->runController(Object(App\Controllers\Customer))
 8 SYSTEMPATH\CodeIgniter.php(368): CodeIgniter\CodeIgniter->handleRequest(null, Object(Config\Cache), false)
 9 FCPATH\index.php(67): CodeIgniter\CodeIgniter->run()
10 SYSTEMPATH\Commands\Server\rewrite.php(47): require_once('FCPATH\\index.php')
CRITICAL - 2023-12-10 01:49:42 --> Trying to access array offset on value of type null
in APPPATH\Views\customer\reserve.php on line 443.
 1 APPPATH\Views\customer\reserve.php(443): CodeIgniter\Debug\Exceptions->errorHandler(2, 'Trying to access array offset on value of type null', 'APPPATH\\Views\\customer\\reserve.php', 443)
 2 SYSTEMPATH\View\View.php(213): include('APPPATH\\Views\\customer\\reserve.php')
 3 SYSTEMPATH\View\View.php(216): CodeIgniter\View\View->CodeIgniter\View\{closure}()
 4 SYSTEMPATH\Common.php(1177): CodeIgniter\View\View->render('customer/reserve', [], true)
 5 APPPATH\Controllers\Customer.php(552): view('customer/reserve', [...])
 6 SYSTEMPATH\CodeIgniter.php(934): App\Controllers\Customer->reserve('vendors', 'FCPATH\\Images', 'img.jpg')
 7 SYSTEMPATH\CodeIgniter.php(499): CodeIgniter\CodeIgniter->runController(Object(App\Controllers\Customer))
 8 SYSTEMPATH\CodeIgniter.php(368): CodeIgniter\CodeIgniter->handleRequest(null, Object(Config\Cache), false)
 9 FCPATH\index.php(67): CodeIgniter\CodeIgniter->run()
10 SYSTEMPATH\Commands\Server\rewrite.php(47): require_once('FCPATH\\index.php')
CRITICAL - 2023-12-10 01:49:42 --> Trying to access array offset on value of type null
in APPPATH\Views\customer\reserve.php on line 443.
 1 APPPATH\Views\customer\reserve.php(443): CodeIgniter\Debug\Exceptions->errorHandler(2, 'Trying to access array offset on value of type null', 'APPPATH\\Views\\customer\\reserve.php', 443)
 2 SYSTEMPATH\View\View.php(213): include('APPPATH\\Views\\customer\\reserve.php')
 3 SYSTEMPATH\View\View.php(216): CodeIgniter\View\View->CodeIgniter\View\{closure}()
 4 SYSTEMPATH\Common.php(1177): CodeIgniter\View\View->render('customer/reserve', [], true)
 5 APPPATH\Controllers\Customer.php(552): view('customer/reserve', [...])
 6 SYSTEMPATH\CodeIgniter.php(934): App\Controllers\Customer->reserve('vendors', 'FCPATH\\Images', 'photo1.jpg')
 7 SYSTEMPATH\CodeIgniter.php(499): CodeIgniter\CodeIgniter->runController(Object(App\Controllers\Customer))
 8 SYSTEMPATH\CodeIgniter.php(368): CodeIgniter\CodeIgniter->handleRequest(null, Object(Config\Cache), false)
 9 FCPATH\index.php(67): CodeIgniter\CodeIgniter->run()
10 SYSTEMPATH\Commands\Server\rewrite.php(47): require_once('FCPATH\\index.php')
CRITICAL - 2023-12-10 01:49:42 --> Trying to access array offset on value of type null
in APPPATH\Views\customer\reserve.php on line 443.
 1 APPPATH\Views\customer\reserve.php(443): CodeIgniter\Debug\Exceptions->errorHandler(2, 'Trying to access array offset on value of type null', 'APPPATH\\Views\\customer\\reserve.php', 443)
 2 SYSTEMPATH\View\View.php(213): include('APPPATH\\Views\\customer\\reserve.php')
 3 SYSTEMPATH\View\View.php(216): CodeIgniter\View\View->CodeIgniter\View\{closure}()
 4 SYSTEMPATH\Common.php(1177): CodeIgniter\View\View->render('customer/reserve', [], true)
 5 APPPATH\Controllers\Customer.php(552): view('customer/reserve', [...])
 6 SYSTEMPATH\CodeIgniter.php(934): App\Controllers\Customer->reserve('vendors', 'FCPATH\\Images', 'photo2.jpg')
 7 SYSTEMPATH\CodeIgniter.php(499): CodeIgniter\CodeIgniter->runController(Object(App\Controllers\Customer))
 8 SYSTEMPATH\CodeIgniter.php(368): CodeIgniter\CodeIgniter->handleRequest(null, Object(Config\Cache), false)
 9 FCPATH\index.php(67): CodeIgniter\CodeIgniter->run()
10 SYSTEMPATH\Commands\Server\rewrite.php(47): require_once('FCPATH\\index.php')
CRITICAL - 2023-12-10 01:49:42 --> Trying to access array offset on value of type null
in APPPATH\Views\customer\reserve.php on line 443.
 1 APPPATH\Views\customer\reserve.php(443): CodeIgniter\Debug\Exceptions->errorHandler(2, 'Trying to access array offset on value of type null', 'APPPATH\\Views\\customer\\reserve.php', 443)
 2 SYSTEMPATH\View\View.php(213): include('APPPATH\\Views\\customer\\reserve.php')
 3 SYSTEMPATH\View\View.php(216): CodeIgniter\View\View->CodeIgniter\View\{closure}()
 4 SYSTEMPATH\Common.php(1177): CodeIgniter\View\View->render('customer/reserve', [], true)
 5 APPPATH\Controllers\Customer.php(552): view('customer/reserve', [...])
 6 SYSTEMPATH\CodeIgniter.php(934): App\Controllers\Customer->reserve('vendors', 'FCPATH\\Images', 'photo3.jpg')
 7 SYSTEMPATH\CodeIgniter.php(499): CodeIgniter\CodeIgniter->runController(Object(App\Controllers\Customer))
 8 SYSTEMPATH\CodeIgniter.php(368): CodeIgniter\CodeIgniter->handleRequest(null, Object(Config\Cache), false)
 9 FCPATH\index.php(67): CodeIgniter\CodeIgniter->run()
10 SYSTEMPATH\Commands\Server\rewrite.php(47): require_once('FCPATH\\index.php')
CRITICAL - 2023-12-10 01:49:42 --> Trying to access array offset on value of type null
in APPPATH\Views\customer\reserve.php on line 443.
 1 APPPATH\Views\customer\reserve.php(443): CodeIgniter\Debug\Exceptions->errorHandler(2, 'Trying to access array offset on value of type null', 'APPPATH\\Views\\customer\\reserve.php', 443)
 2 SYSTEMPATH\View\View.php(213): include('APPPATH\\Views\\customer\\reserve.php')
 3 SYSTEMPATH\View\View.php(216): CodeIgniter\View\View->CodeIgniter\View\{closure}()
 4 SYSTEMPATH\Common.php(1177): CodeIgniter\View\View->render('customer/reserve', [], true)
 5 APPPATH\Controllers\Customer.php(552): view('customer/reserve', [...])
 6 SYSTEMPATH\CodeIgniter.php(934): App\Controllers\Customer->reserve('vendors', 'FCPATH\\Images', 'github.svg')
 7 SYSTEMPATH\CodeIgniter.php(499): CodeIgniter\CodeIgniter->runController(Object(App\Controllers\Customer))
 8 SYSTEMPATH\CodeIgniter.php(368): CodeIgniter\CodeIgniter->handleRequest(null, Object(Config\Cache), false)
 9 FCPATH\index.php(67): CodeIgniter\CodeIgniter->run()
10 SYSTEMPATH\Commands\Server\rewrite.php(47): require_once('FCPATH\\index.php')
CRITICAL - 2023-12-10 01:49:42 --> Trying to access array offset on value of type null
in APPPATH\Views\customer\reserve.php on line 443.
 1 APPPATH\Views\customer\reserve.php(443): CodeIgniter\Debug\Exceptions->errorHandler(2, 'Trying to access array offset on value of type null', 'APPPATH\\Views\\customer\\reserve.php', 443)
 2 SYSTEMPATH\View\View.php(213): include('APPPATH\\Views\\customer\\reserve.php')
 3 SYSTEMPATH\View\View.php(216): CodeIgniter\View\View->CodeIgniter\View\{closure}()
 4 SYSTEMPATH\Common.php(1177): CodeIgniter\View\View->render('customer/reserve', [], true)
 5 APPPATH\Controllers\Customer.php(552): view('customer/reserve', [...])
 6 SYSTEMPATH\CodeIgniter.php(934): App\Controllers\Customer->reserve('vendors', 'FCPATH\\Images', 'photo4.jpg')
 7 SYSTEMPATH\CodeIgniter.php(499): CodeIgniter\CodeIgniter->runController(Object(App\Controllers\Customer))
 8 SYSTEMPATH\CodeIgniter.php(368): CodeIgniter\CodeIgniter->handleRequest(null, Object(Config\Cache), false)
 9 FCPATH\index.php(67): CodeIgniter\CodeIgniter->run()
10 SYSTEMPATH\Commands\Server\rewrite.php(47): require_once('FCPATH\\index.php')
CRITICAL - 2023-12-10 01:49:59 --> Trying to access array offset on value of type null
in APPPATH\Views\customer\reserve.php on line 443.
 1 APPPATH\Views\customer\reserve.php(443): CodeIgniter\Debug\Exceptions->errorHandler(2, 'Trying to access array offset on value of type null', 'APPPATH\\Views\\customer\\reserve.php', 443)
 2 SYSTEMPATH\View\View.php(213): include('APPPATH\\Views\\customer\\reserve.php')
 3 SYSTEMPATH\View\View.php(216): CodeIgniter\View\View->CodeIgniter\View\{closure}()
 4 SYSTEMPATH\Common.php(1177): CodeIgniter\View\View->render('customer/reserve', [], true)
 5 APPPATH\Controllers\Customer.php(552): view('customer/reserve', [...])
 6 SYSTEMPATH\CodeIgniter.php(934): App\Controllers\Customer->reserve('vendors', 'FCPATH\\Images', 'img.jpg')
 7 SYSTEMPATH\CodeIgniter.php(499): CodeIgniter\CodeIgniter->runController(Object(App\Controllers\Customer))
 8 SYSTEMPATH\CodeIgniter.php(368): CodeIgniter\CodeIgniter->handleRequest(null, Object(Config\Cache), false)
 9 FCPATH\index.php(67): CodeIgniter\CodeIgniter->run()
10 SYSTEMPATH\Commands\Server\rewrite.php(47): require_once('FCPATH\\index.php')
CRITICAL - 2023-12-10 01:49:59 --> Trying to access array offset on value of type null
in APPPATH\Views\customer\reserve.php on line 443.
 1 APPPATH\Views\customer\reserve.php(443): CodeIgniter\Debug\Exceptions->errorHandler(2, 'Trying to access array offset on value of type null', 'APPPATH\\Views\\customer\\reserve.php', 443)
 2 SYSTEMPATH\View\View.php(213): include('APPPATH\\Views\\customer\\reserve.php')
 3 SYSTEMPATH\View\View.php(216): CodeIgniter\View\View->CodeIgniter\View\{closure}()
 4 SYSTEMPATH\Common.php(1177): CodeIgniter\View\View->render('customer/reserve', [], true)
 5 APPPATH\Controllers\Customer.php(552): view('customer/reserve', [...])
 6 SYSTEMPATH\CodeIgniter.php(934): App\Controllers\Customer->reserve('vendors', 'FCPATH\\Images', 'photo1.jpg')
 7 SYSTEMPATH\CodeIgniter.php(499): CodeIgniter\CodeIgniter->runController(Object(App\Controllers\Customer))
 8 SYSTEMPATH\CodeIgniter.php(368): CodeIgniter\CodeIgniter->handleRequest(null, Object(Config\Cache), false)
 9 FCPATH\index.php(67): CodeIgniter\CodeIgniter->run()
10 SYSTEMPATH\Commands\Server\rewrite.php(47): require_once('FCPATH\\index.php')
CRITICAL - 2023-12-10 01:49:59 --> Trying to access array offset on value of type null
in APPPATH\Views\customer\reserve.php on line 443.
 1 APPPATH\Views\customer\reserve.php(443): CodeIgniter\Debug\Exceptions->errorHandler(2, 'Trying to access array offset on value of type null', 'APPPATH\\Views\\customer\\reserve.php', 443)
 2 SYSTEMPATH\View\View.php(213): include('APPPATH\\Views\\customer\\reserve.php')
 3 SYSTEMPATH\View\View.php(216): CodeIgniter\View\View->CodeIgniter\View\{closure}()
 4 SYSTEMPATH\Common.php(1177): CodeIgniter\View\View->render('customer/reserve', [], true)
 5 APPPATH\Controllers\Customer.php(552): view('customer/reserve', [...])
 6 SYSTEMPATH\CodeIgniter.php(934): App\Controllers\Customer->reserve('vendors', 'FCPATH\\Images', 'photo2.jpg')
 7 SYSTEMPATH\CodeIgniter.php(499): CodeIgniter\CodeIgniter->runController(Object(App\Controllers\Customer))
 8 SYSTEMPATH\CodeIgniter.php(368): CodeIgniter\CodeIgniter->handleRequest(null, Object(Config\Cache), false)
 9 FCPATH\index.php(67): CodeIgniter\CodeIgniter->run()
10 SYSTEMPATH\Commands\Server\rewrite.php(47): require_once('FCPATH\\index.php')
CRITICAL - 2023-12-10 01:49:59 --> Trying to access array offset on value of type null
in APPPATH\Views\customer\reserve.php on line 443.
 1 APPPATH\Views\customer\reserve.php(443): CodeIgniter\Debug\Exceptions->errorHandler(2, 'Trying to access array offset on value of type null', 'APPPATH\\Views\\customer\\reserve.php', 443)
 2 SYSTEMPATH\View\View.php(213): include('APPPATH\\Views\\customer\\reserve.php')
 3 SYSTEMPATH\View\View.php(216): CodeIgniter\View\View->CodeIgniter\View\{closure}()
 4 SYSTEMPATH\Common.php(1177): CodeIgniter\View\View->render('customer/reserve', [], true)
 5 APPPATH\Controllers\Customer.php(552): view('customer/reserve', [...])
 6 SYSTEMPATH\CodeIgniter.php(934): App\Controllers\Customer->reserve('vendors', 'FCPATH\\Images', 'photo3.jpg')
 7 SYSTEMPATH\CodeIgniter.php(499): CodeIgniter\CodeIgniter->runController(Object(App\Controllers\Customer))
 8 SYSTEMPATH\CodeIgniter.php(368): CodeIgniter\CodeIgniter->handleRequest(null, Object(Config\Cache), false)
 9 FCPATH\index.php(67): CodeIgniter\CodeIgniter->run()
10 SYSTEMPATH\Commands\Server\rewrite.php(47): require_once('FCPATH\\index.php')
CRITICAL - 2023-12-10 01:49:59 --> Trying to access array offset on value of type null
in APPPATH\Views\customer\reserve.php on line 443.
 1 APPPATH\Views\customer\reserve.php(443): CodeIgniter\Debug\Exceptions->errorHandler(2, 'Trying to access array offset on value of type null', 'APPPATH\\Views\\customer\\reserve.php', 443)
 2 SYSTEMPATH\View\View.php(213): include('APPPATH\\Views\\customer\\reserve.php')
 3 SYSTEMPATH\View\View.php(216): CodeIgniter\View\View->CodeIgniter\View\{closure}()
 4 SYSTEMPATH\Common.php(1177): CodeIgniter\View\View->render('customer/reserve', [], true)
 5 APPPATH\Controllers\Customer.php(552): view('customer/reserve', [...])
 6 SYSTEMPATH\CodeIgniter.php(934): App\Controllers\Customer->reserve('vendors', 'FCPATH\\Images', 'github.svg')
 7 SYSTEMPATH\CodeIgniter.php(499): CodeIgniter\CodeIgniter->runController(Object(App\Controllers\Customer))
 8 SYSTEMPATH\CodeIgniter.php(368): CodeIgniter\CodeIgniter->handleRequest(null, Object(Config\Cache), false)
 9 FCPATH\index.php(67): CodeIgniter\CodeIgniter->run()
10 SYSTEMPATH\Commands\Server\rewrite.php(47): require_once('FCPATH\\index.php')
CRITICAL - 2023-12-10 01:49:59 --> Trying to access array offset on value of type null
in APPPATH\Views\customer\reserve.php on line 443.
 1 APPPATH\Views\customer\reserve.php(443): CodeIgniter\Debug\Exceptions->errorHandler(2, 'Trying to access array offset on value of type null', 'APPPATH\\Views\\customer\\reserve.php', 443)
 2 SYSTEMPATH\View\View.php(213): include('APPPATH\\Views\\customer\\reserve.php')
 3 SYSTEMPATH\View\View.php(216): CodeIgniter\View\View->CodeIgniter\View\{closure}()
 4 SYSTEMPATH\Common.php(1177): CodeIgniter\View\View->render('customer/reserve', [], true)
 5 APPPATH\Controllers\Customer.php(552): view('customer/reserve', [...])
 6 SYSTEMPATH\CodeIgniter.php(934): App\Controllers\Customer->reserve('vendors', 'FCPATH\\Images', 'photo4.jpg')
 7 SYSTEMPATH\CodeIgniter.php(499): CodeIgniter\CodeIgniter->runController(Object(App\Controllers\Customer))
 8 SYSTEMPATH\CodeIgniter.php(368): CodeIgniter\CodeIgniter->handleRequest(null, Object(Config\Cache), false)
 9 FCPATH\index.php(67): CodeIgniter\CodeIgniter->run()
10 SYSTEMPATH\Commands\Server\rewrite.php(47): require_once('FCPATH\\index.php')
CRITICAL - 2023-12-10 01:49:59 --> Trying to access array offset on value of type null
in APPPATH\Views\customer\reserve.php on line 443.
 1 APPPATH\Views\customer\reserve.php(443): CodeIgniter\Debug\Exceptions->errorHandler(2, 'Trying to access array offset on value of type null', 'APPPATH\\Views\\customer\\reserve.php', 443)
 2 SYSTEMPATH\View\View.php(213): include('APPPATH\\Views\\customer\\reserve.php')
 3 SYSTEMPATH\View\View.php(216): CodeIgniter\View\View->CodeIgniter\View\{closure}()
 4 SYSTEMPATH\Common.php(1177): CodeIgniter\View\View->render('customer/reserve', [], true)
 5 APPPATH\Controllers\Customer.php(552): view('customer/reserve', [...])
 6 SYSTEMPATH\CodeIgniter.php(934): App\Controllers\Customer->reserve('vendors', 'FCPATH\\Images', 'img.jpg')
 7 SYSTEMPATH\CodeIgniter.php(499): CodeIgniter\CodeIgniter->runController(Object(App\Controllers\Customer))
 8 SYSTEMPATH\CodeIgniter.php(368): CodeIgniter\CodeIgniter->handleRequest(null, Object(Config\Cache), false)
 9 FCPATH\index.php(67): CodeIgniter\CodeIgniter->run()
10 SYSTEMPATH\Commands\Server\rewrite.php(47): require_once('FCPATH\\index.php')
